 3000.000   2.314056328e-04 
 3010.000   2.205749770e-04 
 3020.000   2.220430033e-04 
 3030.000   2.153873938e-04 
 3040.000   1.924514945e-04 
 3050.000   1.821465412e-04 
 3060.000   1.833428978e-04 
 3070.000   1.931057923e-04 
 3080.000   1.819171594e-04 
 3090.000   1.831003610e-04 
 3100.000   1.727878553e-04 
 3110.000   1.655175583e-04 
 3120.000   1.665836899e-04 
 3130.000   1.805979700e-04 
 3140.000   1.720915170e-04 
 3150.000   1.836809097e-04 
 3160.000   1.848489774e-04 
 3170.000   1.827467786e-04 
 3180.000   1.534592157e-04 
 3190.000   1.544258848e-04 
 3200.000   1.233964722e-04 
 3210.000   1.241689024e-04 
 3220.000   1.108575161e-04 
 3230.000   1.203394349e-04 
 3240.000   1.210857226e-04 
 3250.000   1.266963518e-04 
 3260.000   1.060601862e-04 
 3270.000   1.067118646e-04 
 3280.000   1.363776537e-04 
 3290.000   1.073202438e-04 
 3300.000   1.079736321e-04 
 3310.000   6.745354767e-05 
 3320.000   6.786173617e-05 
 3330.000   1.164300556e-04 
 3340.000   1.179909959e-04 
 3350.000   1.186985901e-04 
 3360.000   1.084934920e-04 
 3370.000   1.091402446e-04 
 3380.000   1.168575545e-04 
 3390.000   1.051664003e-04 
 3400.000   1.057877671e-04 
 3410.000   1.136032952e-04 
 3420.000   1.142705732e-04 
 3430.000   1.060457289e-04 
 3440.000   1.066649711e-04 
 3450.000   1.130843957e-04 
 3460.000   1.137409126e-04 
 3470.000   1.101124144e-04 
 3480.000   1.077948982e-04 
 3490.000   1.084152973e-04 
 3500.000   1.082663584e-04 
 3510.000   1.088859135e-04 
 3520.000   1.056367473e-04 
 3530.000   1.062378142e-04 
 3540.000   9.561729530e-05 
 3550.000   9.615827003e-05 
 3560.000   9.615849558e-05 
 3570.000   9.669946303e-05 
 3580.000   9.083421901e-05 
 3590.000   9.134238644e-05 
 3600.000   9.134079301e-05 
 3610.000   9.184894589e-05 
 3620.000   9.038123244e-05 
 3630.000   8.770867862e-05 
 3640.000   8.819258801e-05 
 3650.000   8.479213284e-05 
 3660.000   8.525737940e-05 
 3670.000   7.993038889e-05 
 3680.000   8.036656800e-05 
 3690.000   8.080394036e-05 
 3700.000   7.937355986e-05 
 3710.000   7.980318333e-05 
 3720.000   7.728678611e-05 
 3730.000   7.770286902e-05 
 3740.000   7.345646009e-05 
 3750.000   7.384979835e-05 
 3760.000   7.236583042e-05 
 3770.000   7.275126700e-05 
 3780.000   6.971952098e-05 
 3790.000   7.008889952e-05 
 3800.000   6.793518696e-05 
 3810.000   6.829321501e-05 
 3820.000   6.589160330e-05 
 3830.000   6.623703666e-05 
 3840.000   6.251642480e-05 
 3850.000   6.284245319e-05 
 3860.000   6.316933286e-05 
 3870.000   5.531445277e-05 
 3880.000   5.560068530e-05 
 3890.000   5.399833390e-05 
 3900.000   5.427631550e-05 
 3910.000   5.094265362e-05 
 3920.000   5.120356218e-05 
 3930.000   5.184301335e-05 
 3940.000   5.210718155e-05 
 3950.000   5.237202276e-05 
 3960.000   5.188039358e-05 
 3970.000   5.214274643e-05 
 3980.000   4.935537436e-05 
 3990.000   4.960369915e-05 
 4000.000   4.619877654e-05 
 4010.000   4.643006105e-05 
 4020.000   4.666192035e-05 
 4030.000   4.195209112e-05 
 4040.000   4.216054731e-05 
 4050.000   3.886728155e-05 
 4060.000   3.905945414e-05 
 4070.000   3.925210331e-05 
 4080.000   3.587514584e-05 
 4090.000   3.605122038e-05 
 4100.000   3.332505730e-05 
 4110.000   3.348781684e-05 
 4120.000   3.365097655e-05 
 4130.000   3.005547842e-05 
 4140.000   3.020120312e-05 
 4150.000   2.550340469e-05 
 4160.000   2.562645932e-05 
 4170.000   2.574981409e-05 
 4180.000   1.023689492e-05 
 4190.000   1.028593306e-05 
 4200.000   1.033508943e-05 
 4210.000   7.440925742e-07 
 4220.000   7.476315886e-07 
 4230.000   3.109111049e-07 
 4240.000   3.123828662e-07 
 4250.000   3.138581235e-07 
 4260.000   3.426030446e-07 
 4270.000   3.442134187e-07 
 4280.000   3.458275444e-07 
 4290.000   3.934906374e-07 
 4300.000   3.953272483e-07 
 4310.000   3.971680940e-07 
 4320.000   8.591932783e-07 
 4330.000   8.631756714e-07 
 4340.000   1.478498916e-06 
 4350.000   1.485320240e-06 
 4360.000   1.492157139e-06 
 4370.000   2.645105951e-06 
 4380.000   2.657225878e-06 
 4390.000   2.669373089e-06 
 4400.000   2.812518233e-06 
 4410.000   2.825316869e-06 
 4420.000   2.838144610e-06 
 4430.000   4.539428573e-06 
 4440.000   4.559946319e-06 
 4450.000   4.580509540e-06 
 4460.000   5.172030797e-06 
 4470.000   5.195249742e-06 
 4480.000   5.218520982e-06 
 4490.000   8.450168025e-06 
 4500.000   8.487849300e-06 
 4510.000   8.525615158e-06 
 4520.000   7.922458281e-06 
 4530.000   7.957552953e-06 
 4540.000   7.992724022e-06 
 4550.000   1.130967757e-05 
 4560.000   1.135944422e-05 
 4570.000   1.140932181e-05 
 4580.000   1.601438998e-05 
 4590.000   1.608439925e-05 
 4600.000   1.615455949e-05 
 4610.000   1.785940367e-05 
 4620.000   1.793696720e-05 
 4630.000   1.801469989e-05 
 4640.000   1.809260175e-05 
 4650.000   1.828547101e-05 
 4660.000   1.836420051e-05 
 4670.000   1.844310100e-05 
 4680.000   1.525870266e-05 
 4690.000   1.532397982e-05 
 4700.000   1.538939796e-05 
 4710.000   1.193169282e-05 
 4720.000   1.198241171e-05 
 4730.000   1.203323882e-05 
 4740.000   1.198207065e-05 
 4750.000   1.203268130e-05 
 4760.000   1.208339836e-05 
 4770.000   1.213422274e-05 
 4780.000   1.164793775e-05 
 4790.000   1.169672578e-05 
 4800.000   1.174561385e-05 
 4810.000   1.044277360e-05 
 4820.000   1.048623926e-05 
 4830.000   1.052979587e-05 
 4840.000   1.057344343e-05 
 4850.000   1.157188308e-05 
 4860.000   1.161965065e-05 
 4870.000   1.166751827e-05 
 4880.000   1.244966097e-05 
 4890.000   1.250073728e-05 
 4900.000   1.255191728e-05 
 4910.000   1.260320187e-05 
 4920.000   1.324179448e-05 
 4930.000   1.329567749e-05 
 4940.000   1.334967055e-05 
 4950.000   1.340377185e-05 
 4960.000   1.149008767e-05 
 4970.000   1.153646554e-05 
 4980.000   1.158293617e-05 
 4990.000   1.088516365e-05 
 5000.000   1.092883576e-05 
