  256.300  0.000000e+00  0.000000e+00  0.000000e+00  0.000000e+00 
  277.948  0.000000e+00  0.000000e+00  0.000000e+00  0.000000e+00 
  295.127  5.604169e-03  8.569279e-03  3.273311e-03  2.147224e-03 
  317.306  1.725389e+00  2.789055e+00  1.042566e+00  6.866569e-01 
  345.136  8.171837e+00  9.227206e+00  4.018143e+00  2.576501e+00 
  385.000  1.670502e+01  1.220205e+01  6.675811e+00  4.136909e+00 
  429.773  2.903308e+01  1.509665e+01  1.019133e+01  6.153188e+00 
  484.863  5.320277e+01  2.090894e+01  1.711537e+01  1.012949e+01 
  528.840  1.798806e+01  6.076084e+00  5.557377e+00  3.256292e+00 
  544.800  7.701554e+00  2.483811e+00  2.352209e+00  1.374213e+00 
  558.050  1.380609e+01  4.307484e+00  4.183152e+00  2.438853e+00 
  585.800  3.039343e+01  8.725993e+00  9.034239e+00  5.240639e+00 
  615.000  1.546933e+01  4.264871e+00  4.557419e+00  2.637403e+00 
  645.850  3.060485e+01  7.957932e+00  8.905689e+00  5.136497e+00 
  675.439  1.251731e+01  3.182602e+00  3.625739e+00  2.088571e+00 
  694.313  1.288734e+01  3.037434e+00  3.677667e+00  2.109720e+00 
  723.531  2.196593e+01  4.937100e+00  6.212986e+00  3.555196e+00 
  767.046  2.689195e+01  6.305021e+00  7.666514e+00  4.396714e+00 
  817.968  2.574472e+01  5.436000e+00  7.200879e+00  4.107358e+00 
  866.714  2.133476e+01  4.672374e+00  6.006092e+00  3.432214e+00 
  931.938  2.193901e+01  3.699636e+00  5.920996e+00  3.341934e+00 
 1010.320  2.481920e+01  4.937186e+00  6.871943e+00  3.908234e+00 
 1119.970  2.865100e+01  4.707392e+00  7.703797e+00  4.343317e+00 
 1355.060  3.173609e+01  3.663958e+00  8.175296e+00  4.547975e+00 
 1564.700  1.251517e+01  1.071686e+00  3.137749e+00  1.730184e+00 
 1789.120  1.539801e+01  6.649513e-01  3.709585e+00  2.017842e+00 
 2059.130  6.701281e+00  1.024781e-01  1.571262e+00  8.464620e-01 
 2214.330  4.589550e+00  4.343768e-02  1.069943e+00  5.751842e-01 
 2638.540  2.953347e+00  3.456924e-04  6.821273e-01  3.654443e-01 
 3318.660  2.229747e+00  9.460544e-05  5.149606e-01  2.758785e-01 
 3813.210  1.548964e+00  4.540858e-05  3.577286e-01  1.916442e-01 
 4298.320  5.802022e-01  8.204599e-06  1.339942e-01  7.178357e-02 
