  256.300  0.000000e+00  0.000000e+00  0.000000e+00  0.000000e+00 
  277.948  0.000000e+00  0.000000e+00  0.000000e+00  0.000000e+00 
  295.127  1.915973e-04  6.847464e-04  1.012041e-04  1.337396e-04 
  317.306  6.353874e-01  1.755982e+00  2.761323e-01  3.643583e-01 
  345.136  4.151988e+00  7.119861e+00  1.301572e+00  1.711398e+00 
  385.000  9.634435e+00  9.800778e+00  2.244202e+00  2.937942e+00 
  429.773  1.812259e+01  1.241980e+01  3.526751e+00  4.601438e+00 
  484.863  3.493017e+01  1.741685e+01  6.044535e+00  7.866316e+00 
  528.840  1.202384e+01  5.062054e+00  1.972913e+00  2.564296e+00 
  544.800  5.164883e+00  2.070967e+00  8.355243e-01  1.085596e+00 
  558.050  9.284853e+00  3.583251e+00  1.485883e+00  1.930087e+00 
  585.800  2.044362e+01  7.312479e+00  3.204987e+00  4.160976e+00 
  615.000  1.054849e+01  3.565412e+00  1.629735e+00  2.115052e+00 
  645.850  2.102769e+01  6.736699e+00  3.205948e+00  4.159220e+00 
  675.439  8.715959e+00  2.696039e+00  1.317745e+00  1.709186e+00 
  694.313  8.766053e+00  2.621814e+00  1.314953e+00  1.705214e+00 
  723.531  1.491375e+01  4.322832e+00  2.221244e+00  2.879925e+00 
  767.046  1.884985e+01  5.391324e+00  2.799133e+00  3.628876e+00 
  817.968  1.772066e+01  4.767393e+00  2.596695e+00  3.365230e+00 
  866.714  1.513735e+01  4.029957e+00  2.213251e+00  2.868125e+00 
  931.938  1.397922e+01  3.438607e+00  2.011245e+00  2.605179e+00 
 1010.320  1.746910e+01  4.378784e+00  2.522778e+00  3.268124e+00 
 1119.970  1.909636e+01  4.462555e+00  2.720357e+00  3.522727e+00 
 1355.060  2.125115e+01  4.277930e+00  2.947855e+00  3.814431e+00 
 1564.700  8.793984e+00  1.529219e+00  1.192022e+00  1.541402e+00 
 1789.120  1.050421e+01  1.370950e+00  1.371230e+00  1.771115e+00 
 2059.130  4.375825e+00  3.575272e-01  5.465617e-01  7.049716e-01 
 2214.330  3.193094e+00  2.022931e-01  3.920664e-01  5.054174e-01 
 2638.540  1.855872e+00  2.282230e-03  2.145633e-01  2.760308e-01 
 3318.660  1.352863e+00  8.761830e-05  1.562268e-01  2.009742e-01 
 3813.210  1.033182e+00  7.644197e-04  1.193904e-01  1.535912e-01 
 4298.320  3.232420e-01  1.468048e-04  3.734247e-02  4.803852e-02 
