  256.300  0.000000e+00  0.000000e+00  0.000000e+00  0.000000e+00 
  277.948  0.000000e+00  0.000000e+00  0.000000e+00  0.000000e+00 
  295.127  5.186697e-03  5.517209e-03  2.472062e-03  1.577775e-03 
  317.306  2.838133e+00  3.044307e+00  1.358492e+00  8.676382e-01 
  345.136  1.407149e+01  9.849447e+00  5.524313e+00  3.412003e+00 
  385.000  2.877065e+01  1.134855e+01  9.265147e+00  5.484914e+00 
  429.773  4.999940e+01  1.164977e+01  1.423728e+01  8.162422e+00 
  484.863  9.154913e+01  1.238916e+01  2.400353e+01  1.342836e+01 
  528.840  3.089667e+01  2.863781e+00  7.796643e+00  4.308387e+00 
  544.800  1.322103e+01  1.075747e+00  3.301699e+00  1.818209e+00 
  558.050  2.368011e+01  1.742936e+00  5.871201e+00  3.225394e+00 
  585.800  5.210464e+01  3.084733e+00  1.274543e+01  6.969706e+00 
  615.000  2.652281e+01  1.297558e+00  6.424840e+00  3.501528e+00 
  645.850  5.256419e+01  2.082437e+00  1.262009e+01  6.856508e+00 
  675.439  2.152302e+01  7.162837e-01  5.135947e+00  2.784336e+00 
  694.313  2.217154e+01  6.300461e-01  5.265796e+00  2.849939e+00 
  723.531  3.783138e+01  8.920965e-01  8.942800e+00  4.831820e+00 
  767.046  4.631535e+01  9.080480e-01  1.090578e+01  5.884158e+00 
  817.968  4.433951e+01  6.423460e-01  1.038811e+01  5.594628e+00 
  866.714  3.674435e+01  4.412576e-01  8.587647e+00  4.620844e+00 
  931.938  3.778502e+01  2.837002e-01  8.791600e+00  4.722865e+00 
 1010.320  4.274551e+01  2.703797e-01  9.934093e+00  5.334311e+00 
 1119.970  4.934493e+01  1.895385e-01  1.143950e+01  6.137072e+00 
 1355.060  5.465828e+01  9.832484e-02  1.264551e+01  6.778959e+00 
 1564.700  2.155456e+01  2.325280e-02  4.983183e+00  2.670657e+00 
 1789.120  2.651962e+01  1.593881e-02  6.128129e+00  3.283689e+00 
 2059.130  1.154145e+01  3.701198e-03  2.666240e+00  1.428527e+00 
 2214.330  7.904469e+00  2.071020e-03  1.825938e+00  9.782856e-01 
 2638.540  5.086478e+00  5.691368e-04  1.174805e+00  6.293915e-01 
 3318.660  3.839130e+00  1.628853e-04  8.866479e-01  4.750017e-01 
 3813.210  2.667743e+00  7.408825e-05  6.161063e-01  3.300635e-01 
 4298.320  9.992681e-01  1.357532e-05  2.307749e-01  1.236310e-01 
