 3098.390  3.545845e+00  8.663358e-05 -1.765369e-21  2.821694e-01  1.098411e-05 -2.647437e-22 
-1.0000     3.877185e-05 
 3112.857  4.218016e+00  1.069972e-04  2.461369e-22  3.356590e-01  1.413189e-05 -1.999555e-22 
-1.0000     4.504559e-05 
 3127.460  8.480947e+00  2.458011e-04 -1.113090e-20  6.748922e-01  3.495570e-05 -1.151791e-21 
-1.0000     8.911255e-05 
 3142.201  7.103106e+00  1.914785e-04 -4.909687e-21  5.652472e-01  2.646409e-05 -2.353655e-22 
-1.0000     7.359103e-05 
 3157.082  1.102974e+01  3.317240e-04  5.009378e-21  8.777189e-01  5.134453e-05  3.836968e-22 
-1.0000     1.117251e-04 
 3172.104  1.442330e+01  4.588496e-04  5.719947e-21  1.147770e+00  7.509001e-05  1.327961e-21 
-1.0000     1.435014e-04 
 3187.269  8.243575e+00  2.266569e-04 -2.177068e-21  6.560029e-01  3.299227e-05 -6.739702e-22 
-1.0000     8.055993e-05 
 3202.581  1.617255e+00  3.281713e-05 -2.853867e-22  1.286970e-01  4.069116e-06  3.185489e-23 
-1.0000     1.553873e-05 
 3218.040  1.267188e+00  2.321169e-05 -4.194513e-22  1.008396e-01  2.752319e-06 -4.627914e-23 
-1.0000     1.189421e-05 
 3233.649  4.778528e+00  1.135526e-04  1.019474e-21  3.802631e-01  1.557913e-05 -1.967900e-23 
-1.0000     4.386421e-05 
 3249.410  6.081697e+00  1.549573e-04 -2.104707e-21  4.839661e-01  2.249475e-05 -9.796895e-23 
-1.0000     5.471983e-05 
 3265.326  2.733836e+00  5.492567e-05 -3.162756e-22  2.175518e-01  6.935556e-06 -1.547644e-23 
-1.0000     2.420403e-05 
 3281.398  1.009194e+01  2.619513e-04 -1.609939e-21  8.030910e-01  4.020269e-05 -3.448699e-22 
-1.0000     8.748060e-05 
 3297.629  3.988333e+00  8.790359e-05  7.791391e-22  3.173814e-01  1.229944e-05  2.614413e-23 
-1.0000     3.397865e-05 
 3314.022  2.548600e+00  5.368712e-05  1.664585e-21  2.028112e-01  7.189131e-06  2.124179e-22 
-1.0000     2.138320e-05 
 3330.579  7.983981e+00  1.977743e-04 -1.856625e-21  6.353450e-01  3.128004e-05 -1.590444e-22 
-1.0000     6.523119e-05 
 3347.302  6.444650e+00  1.485580e-04 -2.718326e-21  5.128490e-01  2.234623e-05 -4.798563e-22 
-1.0000     5.160375e-05 
 3364.193  6.863040e+00  1.555457e-04 -6.901485e-22  5.461433e-01  2.343244e-05 -1.252972e-22 
-1.0000     5.388173e-05 
 3381.256  1.013492e+01  2.610771e-04 -2.173159e-20  8.065115e-01  4.786978e-05 -4.447831e-21 
-1.0000     7.795180e-05 
 3398.493  1.005121e+01  2.656353e-04  2.662994e-20  7.998500e-01  5.141721e-05  1.562952e-21 
-1.0000     7.586260e-05 
 3415.906  1.109244e+01  2.923058e-04 -4.426700e-20  8.827081e-01  5.907039e-05 -6.955832e-21 
-1.0000     8.194090e-05 
 3433.499  1.142591e+01  2.980485e-04  3.099738e-20  9.092454e-01  6.240734e-05  6.571687e-21 
-1.0000     8.261539e-05 
 3451.274  1.236512e+01  3.210205e-04  6.491481e-20  9.839847e-01  6.794346e-05  6.030075e-21 
-1.0000     8.776487e-05 
 3469.234  1.283254e+01  3.302076e-04 -2.310418e-20  1.021181e+00  7.181592e-05 -1.015675e-21 
-1.0000     8.911661e-05 
 3487.382  1.296059e+01  3.288098e-04  5.889965e-20  1.031371e+00  7.290093e-05  6.383416e-21 
-1.0000     8.809477e-05 
 3505.721  1.310129e+01  3.311090e-04 -1.806466e-21  1.042568e+00  7.624022e-05 -1.015958e-20 
-1.0000     8.728835e-05 
 3524.254  1.272684e+01  3.120573e-04 -1.090665e-19  1.012770e+00  6.973326e-05 -1.483381e-20 
-1.0000     8.298558e-05 
 3542.983  1.125876e+01  2.560779e-04 -1.886805e-20  8.959434e-01  5.155197e-05  2.195696e-21 
-1.0000     7.183491e-05 
 3561.913  1.124921e+01  2.550976e-04 -7.335487e-21  8.951833e-01  5.359055e-05 -6.317683e-22 
-1.0000     7.040559e-05 
 3581.046  1.074480e+01  2.349407e-04  2.133121e-20  8.550442e-01  4.727521e-05  2.404580e-21 
-1.0000     6.579632e-05 
 3600.386  1.118339e+01  2.500585e-04  1.986562e-21  8.899457e-01  5.548628e-05  5.865377e-21 
-1.0000     6.717589e-05 
 3619.936  1.141204e+01  2.535110e-04  4.883192e-20  9.081414e-01  5.932786e-05  3.744498e-21 
-1.0000     6.692777e-05 
 3639.699  1.148811e+01  2.556242e-04  5.465875e-20  9.141946e-01  6.326668e-05  2.613025e-20 
-1.0000     6.606172e-05 
 3659.680  1.110692e+01  2.396264e-04  1.732598e-20  8.838605e-01  5.790718e-05  4.928262e-21 
-1.0000     6.254385e-05 
 3679.881  8.946458e+00  1.697536e-04  3.114242e-22  7.119364e-01  3.248308e-05 -6.448978e-22 
-1.0000     4.907990e-05 
 3700.306  1.079254e+01  2.259748e-04 -9.990890e-20  8.588427e-01  5.716786e-05 -1.663091e-20 
-1.0000     5.781658e-05 
 3720.959  1.053944e+01  2.138133e-04  1.383741e-20  8.387021e-01  5.281885e-05  9.062746e-22 
-1.0000     5.518819e-05 
 3741.844  9.890509e+00  1.947786e-04 -2.749294e-20  7.870617e-01  4.712885e-05 -3.902443e-21 
-1.0000     5.079712e-05 
 3762.965  9.777308e+00  1.844803e-04 -1.452461e-21  7.780534e-01  4.231020e-05 -4.343398e-21 
-1.0000     4.886213e-05 
 3784.326  9.376499e+00  1.728019e-04  1.981882e-20  7.461581e-01  4.009332e-05  5.535243e-21 
-1.0000     4.591322e-05 
 3805.930  9.601088e+00  1.764115e-04  4.053065e-21  7.640303e-01  4.331075e-05 -2.847501e-21 
-1.0000     4.589510e-05 
 3827.783  9.515578e+00  1.727986e-04  3.871126e-20  7.572258e-01  4.445669e-05  4.951968e-21 
-1.0000     4.440008e-05 
 3849.888  9.265962e+00  1.618169e-04 -6.458157e-21  7.373618e-01  3.716069e-05  3.603910e-23 
-1.0000     4.231094e-05 
 3872.250  8.108072e+00  1.305325e-04  6.913277e-21  6.452199e-01  2.614015e-05  2.218830e-21 
-1.0000     3.623802e-05 
 3894.873  8.253133e+00  1.322411e-04  3.013759e-21  6.567634e-01  2.741824e-05 -2.389354e-21 
-1.0000     3.592150e-05 
 3917.761  7.829424e+00  1.217125e-04 -9.270618e-22  6.230458e-01  2.486621e-05  4.432379e-22 
-1.0000     3.334534e-05 
 3940.921  8.136426e+00  1.265638e-04  2.882558e-21  6.474762e-01  2.693798e-05  1.271976e-21 
-1.0000     3.385089e-05 
 3964.356  8.274137e+00  1.279431e-04  1.391860e-20  6.584349e-01  2.782104e-05  8.324124e-22 
-1.0000     3.364965e-05 
 3988.072  7.946962e+00  1.179722e-04  2.703878e-20  6.323992e-01  2.450089e-05  4.405666e-21 
-1.0000     3.152938e-05 
