  677.000  4.829536e+14   6.264468799e+12 
  677.010  4.950058e+14   6.414125236e+12 
  677.020  4.956184e+14   6.421918253e+12 
  677.030  4.955787e+14   6.421620457e+12 
  677.040  4.951972e+14   6.417079075e+12 
  677.050  4.946393e+14   6.410349314e+12 
  677.060  4.938015e+14   6.400141427e+12 
  677.070  4.930981e+14   6.391587668e+12 
  677.080  4.929570e+14   6.389979677e+12 
  677.090  4.932127e+14   6.393215058e+12 
  677.100  4.940097e+14   6.402826306e+12 
  677.110  4.945805e+14   6.405501223e+12 
  677.120  4.918863e+14   6.374308708e+12 
  677.130  4.877077e+14   6.322012553e+12 
  677.140  4.825613e+14   6.259842482e+12 
  677.150  4.775694e+14   6.200209965e+12 
  677.160  4.785525e+14   6.212867850e+12 
  677.170  4.816402e+14   6.251435000e+12 
  677.180  4.860528e+14   6.306375139e+12 
  677.190  4.905459e+14   6.362273677e+12 
  677.200  4.916985e+14   6.376674296e+12 
  677.210  4.921282e+14   6.381781910e+12 
  677.220  4.918905e+14   6.374232687e+12 
  677.230  4.914103e+14   6.372543955e+12 
  677.240  4.918192e+14   6.378879975e+12 
  677.250  4.911649e+14   6.371147252e+12 
  677.260  4.844947e+14   6.288691954e+12 
  677.270  4.774253e+14   6.201251725e+12 
  677.280  4.702299e+14   6.112236012e+12 
  677.290  4.650631e+14   6.048367247e+12 
  677.300  4.711251e+14   6.123740463e+12 
  677.310  4.780521e+14   6.209834844e+12 
  677.320  4.845440e+14   6.290528535e+12 
  677.330  4.899593e+14   6.357862842e+12 
  677.340  4.899079e+14   6.357394129e+12 
  677.350  4.898096e+14   6.356310950e+12 
  677.360  4.896659e+14   6.354573459e+12 
  677.370  4.894704e+14   6.351778480e+12 
  677.380  4.865909e+14   6.310885065e+12 
  677.390  4.715211e+14   6.127609184e+12 
  677.400  4.555413e+14   5.931889328e+12 
  677.410  4.397090e+14   5.736030011e+12 
  677.420  4.306197e+14   5.623446503e+12 
  677.430  4.452304e+14   5.804095701e+12 
  677.440  4.627025e+14   6.011646116e+12 
  677.450  4.800473e+14   6.235097137e+12 
  677.460  4.936697e+14   6.405942673e+12 
  677.470  4.951691e+14   6.425035670e+12 
  677.480  4.949974e+14   6.423187030e+12 
  677.490  4.942361e+14   6.413943308e+12 
  677.500  4.933263e+14   6.402767585e+12 
  677.510  4.924277e+14   6.391459742e+12 
  677.520  4.915081e+14   6.377863905e+12 
  677.530  4.917108e+14   6.375378780e+12 
  677.540  4.925090e+14   6.392651973e+12 
  677.550  4.933407e+14   6.403887989e+12 
  677.560  4.941640e+14   6.414486471e+12 
  677.570  4.944557e+14   6.418379833e+12 
  677.580  4.939765e+14   6.412676104e+12 
  677.590  4.932199e+14   6.403515744e+12 
  677.600  4.926726e+14   6.396942221e+12 
  677.610  4.922490e+14   6.391898571e+12 
  677.620  4.926182e+14   6.396683223e+12 
  677.630  4.931889e+14   6.403965059e+12 
  677.640  4.926646e+14   6.397666787e+12 
  677.650  4.910953e+14   6.378409689e+12 
  677.660  4.885281e+14   6.346777297e+12 
  677.670  4.863241e+14   6.319648539e+12 
  677.680  4.860754e+14   6.316764955e+12 
  677.690  4.875872e+14   6.335711150e+12 
  677.700  4.899573e+14   6.365299868e+12 
  677.710  4.900603e+14   6.366776263e+12 
  677.720  4.887737e+14   6.351017738e+12 
  677.730  4.865966e+14   6.324218233e+12 
  677.740  4.847205e+14   6.301146415e+12 
  677.750  4.865179e+14   6.323621593e+12 
  677.760  4.893027e+14   6.358329983e+12 
  677.770  4.920779e+14   6.392893669e+12 
  677.780  4.942843e+14   6.420329136e+12 
  677.790  4.946734e+14   6.424853742e+12 
  677.800  4.942670e+14   6.414588707e+12 
  677.810  4.939247e+14   6.414920581e+12 
  677.820  4.937725e+14   6.414630650e+12 
  677.830  4.937321e+14   6.414561444e+12 
  677.840  4.942632e+14   6.421423325e+12 
  677.850  4.947501e+14   6.427693285e+12 
  677.860  4.951230e+14   6.432534561e+12 
  677.870  4.954293e+14   6.436543267e+12 
  677.880  4.954520e+14   6.437031379e+12 
  677.890  4.944659e+14   6.425009455e+12 
  677.900  4.888875e+14   6.356041466e+12 
  677.910  4.825819e+14   6.278055199e+12 
  677.920  4.761499e+14   6.198502883e+12 
  677.930  4.711879e+14   6.137176916e+12 
  677.940  4.752551e+14   6.187810030e+12 
  677.950  4.805112e+14   6.253186122e+12 
  677.960  4.858601e+14   6.319711977e+12 
  677.970  4.908903e+14   6.382284177e+12 
  677.980  4.919731e+14   6.395911471e+12 
  677.990  4.924659e+14   6.402222326e+12 
  678.000  4.926252e+14   6.404398645e+12 
  678.010  4.922066e+14   6.399421579e+12 
  678.020  4.888752e+14   6.358326837e+12 
  678.030  4.844957e+14   6.304237093e+12 
  678.040  4.808732e+14   6.259531055e+12 
  678.050  4.780156e+14   6.224310436e+12 
  678.060  4.805859e+14   6.256395289e+12 
  678.070  4.851448e+14   6.313139503e+12 
  678.080  4.895449e+14   6.367913443e+12 
  678.090  4.936165e+14   6.418615239e+12 
  678.100  4.948317e+14   6.433896661e+12 
  678.110  4.951738e+14   6.438352585e+12 
  678.120  4.951027e+14   6.437684118e+12 
  678.130  4.931516e+14   6.413703709e+12 
  678.140  4.905143e+14   6.381213581e+12 
  678.150  4.878085e+14   6.347874107e+12 
  678.160  4.853771e+14   6.317935165e+12 
  678.170  4.861964e+14   6.328307679e+12 
  678.180  4.877099e+14   6.347287429e+12 
  678.190  4.889644e+14   6.363056439e+12 
  678.200  4.901807e+14   6.378350445e+12 
  678.210  4.901990e+14   6.378788225e+12 
  678.220  4.908783e+14   6.387420627e+12 
  678.230  4.922831e+14   6.405051908e+12 
  678.240  4.937393e+14   6.423318102e+12 
  678.250  4.949742e+14   6.438839648e+12 
  678.260  4.954658e+14   6.445141066e+12 
  678.270  4.955580e+14   6.446486913e+12 
  678.280  4.955307e+14   6.446346404e+12 
  678.290  4.954942e+14   6.446084784e+12 
  678.300  4.954484e+14   6.445697860e+12 
  678.310  4.952361e+14   6.443226366e+12 
  678.320  4.948171e+14   6.438152307e+12 
  678.330  4.943159e+14   6.431962038e+12 
  678.340  4.937393e+14   6.424532877e+12 
  678.350  4.933734e+14   6.418066833e+12 
  678.360  4.926566e+14   6.382128988e+12 
  678.370  4.910439e+14   6.387809649e+12 
  678.380  4.877792e+14   6.350980514e+12 
  678.390  4.839882e+14   6.304279036e+12 
  678.400  4.810531e+14   6.259890717e+12 
  678.410  4.793611e+14   6.246767264e+12 
  678.420  4.812433e+14   6.270187209e+12 
  678.430  4.841172e+14   6.294041264e+12 
  678.440  4.869358e+14   6.341511873e+12 
  678.450  4.900866e+14   6.381852164e+12 
  678.460  4.914676e+14   6.399323537e+12 
  678.470  4.916867e+14   6.402087059e+12 
  678.480  4.811435e+14   6.270784373e+12 
  678.490  4.644366e+14   6.058499113e+12 
  678.500  4.469428e+14   5.836662899e+12 
  678.510  4.297283e+14   5.633491337e+12 
  678.520  4.335804e+14   5.682535858e+12 
  678.530  4.470443e+14   5.849980862e+12 
  678.540  4.620715e+14   6.036613759e+12 
  678.550  4.778338e+14   6.232246059e+12 
  678.560  4.846773e+14   6.317085819e+12 
  678.570  4.870032e+14   6.345279930e+12 
  678.580  4.870326e+14   6.339959456e+12 
  678.590  4.854784e+14   6.317193822e+12 
  678.600  4.829203e+14   6.281962717e+12 
  678.610  4.806638e+14   6.267064549e+12 
  678.620  4.818302e+14   6.283037508e+12 
  678.630  4.847358e+14   6.319624946e+12 
  678.640  4.873860e+14   6.352844882e+12 
  678.650  4.890882e+14   6.374237405e+12 
  678.660  4.889088e+14   6.372258742e+12 
  678.670  4.873506e+14   6.353161028e+12 
  678.680  4.840411e+14   6.312326332e+12 
  678.690  4.816416e+14   6.282761732e+12 
  678.700  4.797510e+14   6.259485966e+12 
  678.710  4.790639e+14   6.251093164e+12 
  678.720  4.830152e+14   6.300130869e+12 
  678.730  4.845700e+14   6.319139979e+12 
  678.740  4.822498e+14   6.288348545e+12 
  678.750  4.781291e+14   6.222722367e+12 
  678.760  4.719404e+14   6.152423211e+12 
  678.770  4.698663e+14   6.134845407e+12 
  678.780  4.752111e+14   6.189116031e+12 
  678.790  4.817737e+14   6.280552907e+12 
  678.800  4.863930e+14   6.342822068e+12 
  678.810  4.883227e+14   6.367759827e+12 
  678.820  4.866485e+14   6.347476173e+12 
  678.830  4.847309e+14   6.324027916e+12 
  678.840  4.798907e+14   6.264272716e+12 
  678.850  4.730854e+14   6.180115055e+12 
  678.860  4.661169e+14   6.093918437e+12 
  678.870  4.590207e+14   6.006124839e+12 
  678.880  4.635247e+14   6.062207926e+12 
  678.890  4.725893e+14   6.174850679e+12 
  678.900  4.821055e+14   6.293084439e+12 
  678.910  4.915546e+14   6.410469376e+12 
  678.920  4.945675e+14   6.447986377e+12 
  678.930  4.950078e+14   6.453501362e+12 
  678.940  4.951704e+14   6.455217881e+12 
  678.950  4.950545e+14   6.450448433e+12 
  678.960  4.947640e+14   6.441270772e+12 
  678.970  4.943422e+14   6.445101220e+12 
  678.980  4.936253e+14   6.437235327e+12 
  678.990  4.928429e+14   6.427893039e+12 
  679.000  4.922672e+14   6.420894319e+12 
  679.010  4.919275e+14   6.416504979e+12 
  679.020  4.920674e+14   6.416159998e+12 
  679.030  4.923425e+14   6.396548481e+12 
  679.040  4.921240e+14   6.416909730e+12 
  679.050  4.917977e+14   6.407480934e+12 
  679.060  4.911796e+14   6.408338145e+12 
  679.070  4.903701e+14   6.399062966e+12 
  679.080  4.904449e+14   6.400300810e+12 
  679.090  4.904995e+14   6.400894829e+12 
  679.100  4.898647e+14   6.385981456e+12 
  679.110  4.895337e+14   6.388930576e+12 
  679.120  4.885690e+14   6.378053173e+12 
  679.130  4.873717e+14   6.363581252e+12 
  679.140  4.879966e+14   6.371620159e+12 
  679.150  4.888271e+14   6.382184038e+12 
  679.160  4.903006e+14   6.400713425e+12 
  679.170  4.923959e+14   6.426951418e+12 
  679.180  4.935477e+14   6.441482060e+12 
  679.190  4.941768e+14   6.449526211e+12 
  679.200  4.940570e+14   6.448274735e+12 
  679.210  4.927032e+14   6.431712477e+12 
  679.220  4.880356e+14   6.374028739e+12 
  679.230  4.806875e+14   6.283082072e+12 
  679.240  4.702092e+14   6.153285140e+12 
  679.250  4.610014e+14   6.039220519e+12 
  679.260  4.581346e+14   6.003724648e+12 
  679.270  4.615720e+14   6.045569647e+12 
  679.280  4.717105e+14   6.168714936e+12 
  679.290  4.819837e+14   6.300116189e+12 
  679.300  4.892107e+14   6.390349300e+12 
  679.310  4.933722e+14   6.442304143e+12 
  679.320  4.941634e+14   6.452388299e+12 
  679.330  4.944251e+14   6.455885300e+12 
  679.340  4.944664e+14   6.456639750e+12 
  679.350  4.945579e+14   6.458011288e+12 
  679.360  4.945708e+14   6.458406076e+12 
  679.370  4.946556e+14   6.459690582e+12 
  679.380  4.946559e+14   6.459922317e+12 
  679.390  4.942607e+14   6.455239901e+12 
  679.400  4.937448e+14   6.449049108e+12 
  679.410  4.932289e+14   6.442826334e+12 
  679.420  4.929313e+14   6.439204028e+12 
  679.430  4.933479e+14   6.443498471e+12 
  679.440  4.938659e+14   6.445764444e+12 
  679.450  4.942961e+14   6.456591516e+12 
  679.460  4.944364e+14   6.458876887e+12 
  679.470  4.929398e+14   6.440583954e+12 
  679.480  4.792041e+14   6.270326145e+12 
  679.490  4.601393e+14   6.033862820e+12 
  679.500  4.412033e+14   5.798849151e+12 
  679.510  4.246249e+14   5.592492540e+12 
  679.520  4.318833e+14   5.674224845e+12 
  679.530  4.475015e+14   5.870540292e+12 
  679.540  4.622997e+14   6.060780290e+12 
  679.550  4.760317e+14   6.232172659e+12 
  679.560  4.782369e+14   6.259919028e+12 
  679.570  4.807035e+14   6.290631295e+12 
  679.580  4.846577e+14   6.338995290e+12 
  679.590  4.889392e+14   6.373056709e+12 
  679.600  4.927552e+14   6.438025953e+12 
  679.610  4.935937e+14   6.451339198e+12 
  679.620  4.931054e+14   6.445869302e+12 
  679.630  4.922581e+14   6.435578577e+12 
  679.640  4.909350e+14   6.418922471e+12 
  679.650  4.902037e+14   6.403062235e+12 
  679.660  4.904136e+14   6.410544349e+12 
  679.670  4.909315e+14   6.411328160e+12 
  679.680  4.920696e+14   6.430373446e+12 
  679.690  4.926617e+14   6.441801875e+12 
  679.700  4.917892e+14   6.431580357e+12 
  679.710  4.906472e+14   6.417749115e+12 
  679.720  4.892020e+14   6.400086901e+12 
  679.730  4.875593e+14   6.379947950e+12 
  679.740  4.869269e+14   6.372334764e+12 
  679.750  4.861390e+14   6.362781712e+12 
  679.760  4.798613e+14   6.285068075e+12 
  679.770  4.639123e+14   6.087279903e+12 
  679.780  4.476373e+14   5.885430596e+12 
  679.790  4.319127e+14   5.690390217e+12 
  679.800  4.262472e+14   5.620199064e+12 
  679.810  4.413545e+14   5.807828632e+12 
  679.820  4.582297e+14   6.017273823e+12 
  679.830  4.751675e+14   6.227151028e+12 
  679.840  4.877694e+14   6.382000538e+12 
  679.850  4.897305e+14   6.397022437e+12 
  679.860  4.902708e+14   6.340172841e+12 
  679.870  4.906466e+14   6.412706513e+12 
  679.880  4.912239e+14   6.425902318e+12 
  679.890  4.914803e+14   6.429982327e+12 
  679.900  4.917775e+14   6.430671241e+12 
  679.910  4.917931e+14   6.411973034e+12 
  679.920  4.913464e+14   6.400599654e+12 
  679.930  4.912315e+14   6.420445528e+12 
  679.940  4.916555e+14   6.433706869e+12 
  679.950  4.924872e+14   6.445449871e+12 
  679.960  4.931470e+14   6.454281503e+12 
  679.970  4.933542e+14   6.457277284e+12 
  679.980  4.930288e+14   6.453577384e+12 
  679.990  4.923870e+14   6.445906526e+12 
  680.000  4.906090e+14   6.424106107e+12 
  680.010  4.874569e+14   6.385192927e+12 
  680.020  4.841387e+14   6.344205664e+12 
  680.030  4.806217e+14   6.300741665e+12 
  680.040  4.789022e+14   6.279591363e+12 
  680.050  4.755319e+14   6.237937730e+12 
  680.060  4.657965e+14   6.117229330e+12 
  680.070  4.550777e+14   5.984301351e+12 
  680.080  4.443041e+14   5.850681836e+12 
  680.090  4.413324e+14   5.813943402e+12 
  680.100  4.516032e+14   5.941652095e+12 
  680.110  4.648258e+14   6.106003800e+12 
  680.120  4.779388e+14   6.268957753e+12 
  680.130  4.867941e+14   6.378965959e+12 
  680.140  4.889323e+14   6.405398987e+12 
  680.150  4.897323e+14   6.414809956e+12 
  680.160  4.904008e+14   6.421088829e+12 
  680.170  4.908094e+14   6.412726436e+12 
  680.180  4.911874e+14   6.376237040e+12 
  680.190  4.914968e+14   6.431850889e+12 
  680.200  4.916480e+14   6.438515114e+12 
  680.210  4.907444e+14   6.428087026e+12 
  680.220  4.871291e+14   6.379259036e+12 
  680.230  4.828818e+14   6.317255164e+12 
  680.240  4.786510e+14   6.278793396e+12 
  680.250  4.768645e+14   6.257863295e+12 
  680.260  4.803165e+14   6.301240787e+12 
  680.270  4.849442e+14   6.359059792e+12 
  680.280  4.895637e+14   6.416718889e+12 
  680.290  4.929206e+14   6.458666648e+12 
  680.300  4.936367e+14   6.467793453e+12 
  680.310  4.937533e+14   6.469460689e+12 
  680.320  4.937790e+14   6.469992841e+12 
  680.330  4.936253e+14   6.468287857e+12 
  680.340  4.913914e+14   6.440731279e+12 
  680.350  4.875350e+14   6.392999576e+12 
  680.360  4.837412e+14   6.346010788e+12 
  680.370  4.804215e+14   6.304755614e+12 
  680.380  4.805867e+14   6.304096059e+12 
  680.390  4.837860e+14   6.345979331e+12 
  680.400  4.870243e+14   6.387460997e+12 
  680.410  4.899411e+14   6.424014881e+12 
  680.420  4.918041e+14   6.447372435e+12 
  680.430  4.922723e+14   6.453358232e+12 
  680.440  4.927394e+14   6.459268006e+12 
  680.450  4.930259e+14   6.462729355e+12 
  680.460  4.923278e+14   6.451830456e+12 
  680.470  4.914433e+14   6.439381238e+12 
  680.480  4.904383e+14   6.430818042e+12 
  680.490  4.896528e+14   6.421187920e+12 
  680.500  4.902087e+14   6.424201003e+12 
  680.510  4.905846e+14   6.431423594e+12 
  680.520  4.906095e+14   6.432357351e+12 
  680.530  4.901681e+14   6.419167838e+12 
  680.540  4.886965e+14   6.397983982e+12 
  680.550  4.867151e+14   6.377232138e+12 
  680.560  4.819143e+14   6.237163880e+12 
  680.570  4.778310e+14   6.258420089e+12 
  680.580  4.728717e+14   6.203403928e+12 
  680.590  4.678119e+14   6.149165285e+12 
  680.600  4.699343e+14   6.172082962e+12 
  680.610  4.720422e+14   6.192037888e+12 
  680.620  4.767935e+14   6.251843944e+12 
  680.630  4.842814e+14   6.352461627e+12 
  680.640  4.880812e+14   6.397803626e+12 
  680.650  4.916532e+14   6.415602680e+12 
  680.660  4.936673e+14   6.470845858e+12 
  680.670  4.937101e+14   6.474444046e+12 
  680.680  4.937071e+14   6.475134534e+12 
  680.690  4.935967e+14   6.473718956e+12 
  680.700  4.935213e+14   6.470809158e+12 
  680.710  4.929597e+14   6.435171729e+12 
  680.720  4.918252e+14   6.448235414e+12 
  680.730  4.902224e+14   6.432474268e+12 
  680.740  4.885918e+14   6.413038911e+12 
  680.750  4.879265e+14   6.404989518e+12 
  680.760  4.883623e+14   6.409959244e+12 
  680.770  4.898412e+14   6.422465085e+12 
  680.780  4.914565e+14   6.444273369e+12 
  680.790  4.924776e+14   6.460603367e+12 
  680.800  4.928768e+14   6.456567923e+12 
  680.810  4.926248e+14   6.459055145e+12 
  680.820  4.920724e+14   6.456484037e+12 
  680.830  4.888030e+14   6.415488909e+12 
  680.840  4.667117e+14   6.137179013e+12 
  680.850  4.325412e+14   5.668865049e+12 
  680.860  3.977124e+14   5.267437126e+12 
  680.870  3.686237e+14   4.913150558e+12 
  680.880  3.767164e+14   4.962929082e+12 
  680.890  4.101622e+14   5.432652857e+12 
  680.900  4.452021e+14   5.874624496e+12 
  680.910  4.775996e+14   6.279143096e+12 
  680.920  4.913226e+14   6.450606244e+12 
  680.930  4.924134e+14   6.464683377e+12 
  680.940  4.928805e+14   6.470851625e+12 
  680.950  4.933472e+14   6.476910821e+12 
  680.960  4.936001e+14   6.480178708e+12 
  680.970  4.934965e+14   6.478467957e+12 
  680.980  4.931029e+14   6.464355697e+12 
  680.990  4.927312e+14   6.468049830e+12 
  681.000  4.924179e+14   6.447601025e+12 
  681.010  4.926215e+14   6.462332469e+12 
  681.020  4.930959e+14   6.474421502e+12 
  681.030  4.933247e+14   6.478252474e+12 
  681.040  4.933125e+14   6.478543978e+12 
  681.050  4.928470e+14   6.473066742e+12 
  681.060  4.922196e+14   6.465525383e+12 
  681.070  4.917294e+14   6.459666989e+12 
  681.080  4.910549e+14   6.451502776e+12 
  681.090  4.904806e+14   6.444575883e+12 
  681.100  4.900109e+14   6.438942933e+12 
  681.110  4.897373e+14   6.435744252e+12 
  681.120  4.904552e+14   6.444871057e+12 
  681.130  4.914051e+14   6.456868864e+12 
  681.140  4.921188e+14   6.465893958e+12 
  681.150  4.926024e+14   6.471908590e+12 
  681.160  4.924416e+14   6.468180378e+12 
  681.170  4.913560e+14   6.454349660e+12 
  681.180  4.793397e+14   6.307457794e+12 
  681.190  4.605385e+14   6.073940967e+12 
  681.200  4.416250e+14   5.838841315e+12 
  681.210  4.236209e+14   5.614991835e+12 
  681.220  4.292679e+14   5.685356528e+12 
  681.230  4.476067e+14   5.913534005e+12 
  681.240  4.666551e+14   6.150226969e+12 
  681.250  4.853151e+14   6.380603834e+12 
  681.260  4.927471e+14   6.453614608e+12 
  681.270  4.936223e+14   6.476975833e+12 
  681.280  4.940240e+14   6.490501939e+12 
  681.290  4.941147e+14   6.493064659e+12 
  681.300  4.939935e+14   6.492120941e+12 
  681.310  4.936849e+14   6.488598774e+12 
  681.320  4.931917e+14   6.482635522e+12 
  681.330  4.926693e+14   6.476074058e+12 
  681.340  4.922885e+14   6.470150128e+12 
  681.350  4.923152e+14   6.458353123e+12 
  681.360  4.927856e+14   6.476478808e+12 
  681.370  4.934004e+14   6.485990965e+12 
  681.380  4.938995e+14   6.492743795e+12 
  681.390  4.939315e+14   6.493459448e+12 
  681.400  4.934239e+14   6.487383998e+12 
  681.410  4.924218e+14   6.475119329e+12 
  681.420  4.914183e+14   6.462815338e+12 
  681.430  4.908772e+14   6.456244437e+12 
  681.440  4.909299e+14   6.457037685e+12 
  681.450  4.917554e+14   6.467407053e+12 
  681.460  4.925806e+14   6.477694108e+12 
  681.470  4.931983e+14   6.485212922e+12 
  681.480  4.934901e+14   6.488131633e+12 
  681.490  4.934349e+14   6.484005487e+12 
  681.500  4.932021e+14   6.441919840e+12 
  681.510  4.913361e+14   6.453299511e+12 
  681.520  4.874508e+14   6.412098863e+12 
  681.530  4.832553e+14   6.360396202e+12 
  681.540  4.782758e+14   6.296254284e+12 
  681.550  4.736982e+14   6.221580993e+12 
  681.560  4.725950e+14   6.179903242e+12 
  681.570  4.719881e+14   6.118984122e+12 
  681.580  4.738095e+14   6.235367670e+12 
  681.590  4.795570e+14   6.314699260e+12 
  681.600  4.843796e+14   6.376939061e+12 
  681.610  4.890608e+14   6.436226597e+12 
  681.620  4.921860e+14   6.475711775e+12 
  681.630  4.911143e+14   6.462696325e+12 
  681.640  4.806510e+14   6.332385591e+12 
  681.650  4.631261e+14   6.111748948e+12 
  681.660  4.442532e+14   5.869704053e+12 
  681.670  4.279608e+14   5.676691096e+12 
  681.680  4.289691e+14   5.690075120e+12 
  681.690  4.439870e+14   5.877471379e+12 
  681.700  4.624384e+14   6.107538915e+12 
  681.710  4.799567e+14   6.325957296e+12 
  681.720  4.893263e+14   6.442864607e+12 
  681.730  4.914333e+14   6.469296587e+12 
  681.740  4.917292e+14   6.473146434e+12 
  681.750  4.919063e+14   6.475474272e+12 
  681.760  4.920021e+14   6.476684329e+12 
  681.770  4.922470e+14   6.479145337e+12 
  681.780  4.924609e+14   6.476084543e+12 
  681.790  4.927264e+14   6.480156688e+12 
  681.800  4.929751e+14   6.487460020e+12 
  681.810  4.929265e+14   6.484161724e+12 
  681.820  4.913058e+14   6.404731568e+12 
  681.830  4.888838e+14   6.433514979e+12 
  681.840  4.864075e+14   6.399830000e+12 
  681.850  4.842805e+14   6.378101932e+12 
  681.860  4.853365e+14   6.389799322e+12 
  681.870  4.875113e+14   6.405350228e+12 
  681.880  4.896975e+14   6.308859740e+12 
  681.890  4.917290e+14   6.432102547e+12 
  681.900  4.911186e+14   6.459169964e+12 
  681.910  4.888715e+14   6.437101109e+12 
  681.920  4.850116e+14   6.391013048e+12 
  681.930  4.809202e+14   6.340879057e+12 
  681.940  4.788277e+14   6.314848682e+12 
  681.950  4.793325e+14   6.317787316e+12 
  681.960  4.830720e+14   6.348877070e+12 
  681.970  4.871103e+14   6.418132894e+12 
  681.980  4.899950e+14   6.455736926e+12 
  681.990  4.916127e+14   6.476458885e+12 
  682.000  4.917175e+14   6.478068974e+12 
  682.010  4.920341e+14   6.482156847e+12 
  682.020  4.924901e+14   6.487526605e+12 
  682.030  4.925695e+14   6.482699485e+12 
  682.040  4.922038e+14   6.479549563e+12 
  682.050  4.915930e+14   6.474733453e+12 
  682.060  4.910837e+14   6.469586518e+12 
  682.070  4.909665e+14   6.470081446e+12 
  682.080  4.912802e+14   6.474341810e+12 
  682.090  4.915293e+14   6.477524763e+12 
  682.100  4.916051e+14   6.478156005e+12 
  682.110  4.907775e+14   6.465717273e+12 
  682.120  4.878668e+14   6.394981384e+12 
  682.130  4.850489e+14   6.391238492e+12 
  682.140  4.825028e+14   6.363680342e+12 
  682.150  4.814899e+14   6.344194654e+12 
  682.160  4.845914e+14   6.374307135e+12 
  682.170  4.875649e+14   6.427747287e+12 
  682.180  4.898586e+14   6.455642030e+12 
  682.190  4.841255e+14   6.385460838e+12 
  682.200  4.693126e+14   6.202796278e+12 
  682.210  4.543896e+14   6.017102905e+12 
  682.220  4.402310e+14   5.840709353e+12 
  682.230  4.409195e+14   5.849286181e+12 
  682.240  4.551480e+14   6.026387522e+12 
  682.250  4.699627e+14   6.209829077e+12 
  682.260  4.842174e+14   6.380928893e+12 
  682.270  4.908009e+14   6.357464383e+12 
  682.280  4.876534e+14   6.417264148e+12 
  682.290  4.823000e+14   6.362924843e+12 
  682.300  4.768784e+14   6.295758832e+12 
  682.310  4.723723e+14   6.223258190e+12 
  682.320  4.737509e+14   6.258373951e+12 
  682.330  4.785994e+14   6.319529001e+12 
  682.340  4.839801e+14   6.370442609e+12 
  682.350  4.887913e+14   6.441638298e+12 
  682.360  4.894029e+14   6.455345283e+12 
  682.370  4.885470e+14   6.436370776e+12 
  682.380  4.873595e+14   6.430696931e+12 
  682.390  4.865689e+14   6.422056665e+12 
  682.400  4.880727e+14   6.441134457e+12 
  682.410  4.894800e+14   6.458766262e+12 
  682.420  4.907024e+14   6.473674916e+12 
  682.430  4.916670e+14   6.482275336e+12 
  682.440  4.910240e+14   6.466494267e+12 
  682.450  4.858525e+14   6.409480045e+12 
  682.460  4.796174e+14   6.318178435e+12 
  682.470  4.733393e+14   6.254846542e+12 
  682.480  4.679409e+14   6.183695942e+12 
  682.490  4.720974e+14   6.186268099e+12 
  682.500  4.787034e+14   6.287238627e+12 
  682.510  4.855423e+14   6.404406510e+12 
  682.520  4.917513e+14   6.485693694e+12 
  682.530  4.931748e+14   6.503141474e+12 
  682.540  4.931847e+14   6.497172455e+12 
  682.550  4.930193e+14   6.433293206e+12 
  682.560  4.928546e+14   6.472919417e+12 
  682.570  4.927478e+14   6.496372916e+12 
  682.580  4.926462e+14   6.499102884e+12 
  682.590  4.923928e+14   6.497107968e+12 
  682.600  4.919028e+14   6.491185611e+12 
  682.610  4.913724e+14   6.483901153e+12 
  682.620  4.906481e+14   6.472355283e+12 
  682.630  4.902031e+14   6.456451006e+12 
  682.640  4.901524e+14   6.350849966e+12 
  682.650  4.901140e+14   6.408067613e+12 
  682.660  4.903259e+14   6.462699471e+12 
  682.670  4.905463e+14   6.472670904e+12 
  682.680  4.909344e+14   6.479415869e+12 
  682.690  4.914473e+14   6.485842592e+12 
  682.700  4.919790e+14   6.490143850e+12 
  682.710  4.923205e+14   6.481118233e+12 
  682.720  4.920153e+14   6.392042226e+12 
  682.730  4.886850e+14   6.406110970e+12 
  682.740  4.834029e+14   6.338829615e+12 
  682.750  4.774439e+14   6.266710655e+12 
  682.760  4.719952e+14   6.240483672e+12 
  682.770  4.723022e+14   6.249374548e+12 
  682.780  4.765649e+14   6.304313115e+12 
  682.790  4.823957e+14   6.378016473e+12 
  682.800  4.883638e+14   6.453130166e+12 
  682.810  4.913074e+14   6.490315817e+12 
  682.820  4.923119e+14   6.503188660e+12 
  682.830  4.921070e+14   6.500879172e+12 
  682.840  4.910832e+14   6.488264278e+12 
  682.850  4.900308e+14   6.475185390e+12 
  682.860  4.890882e+14   6.463286149e+12 
  682.870  4.885609e+14   6.456110219e+12 
  682.880  4.890992e+14   6.460637970e+12 
  682.890  4.896160e+14   6.452543488e+12 
  682.900  4.900966e+14   6.346115121e+12 
  682.910  4.905342e+14   6.469277188e+12 
  682.920  4.907838e+14   6.482041504e+12 
  682.930  4.913394e+14   6.487503012e+12 
  682.940  4.913141e+14   6.468726686e+12 
  682.950  4.877216e+14   6.444536037e+12 
  682.960  4.827284e+14   6.376223408e+12 
  682.970  4.756956e+14   6.297387270e+12 
  682.980  4.690550e+14   6.213623349e+12 
  682.990  4.688890e+14   6.207024660e+12 
  683.000  4.705873e+14   6.234715455e+12 
  683.010  4.677674e+14   6.199734436e+12 
  683.020  4.530303e+14   6.014478320e+12 
  683.030  4.342885e+14   5.767524516e+12 
  683.040  4.154432e+14   5.516570395e+12 
  683.050  4.105413e+14   5.476793713e+12 
  683.060  4.309179e+14   5.737716122e+12 
  683.070  4.537395e+14   6.021063377e+12 
  683.080  4.762160e+14   6.294095266e+12 
  683.090  4.909077e+14   6.460066497e+12 
  683.100  4.920693e+14   6.292724777e+12 
  683.110  4.919255e+14   6.478656176e+12 
  683.120  4.915849e+14   6.493771399e+12 
  683.130  4.917514e+14   6.499728884e+12 
  683.140  4.920177e+14   6.497739735e+12 
  683.150  4.922322e+14   6.504260829e+12 
  683.160  4.924118e+14   6.459603550e+12 
  683.170  4.922573e+14   6.505601958e+12 
  683.180  4.920597e+14   6.499214033e+12 
  683.190  4.919978e+14   6.507021206e+12 
  683.200  4.921286e+14   6.507926127e+12 
  683.210  4.923357e+14   6.508644925e+12 
  683.220  4.924768e+14   6.514634916e+12 
  683.230  4.922419e+14   6.511860384e+12 
  683.240  4.917697e+14   6.503081181e+12 
  683.250  4.912540e+14   6.483108430e+12 
  683.260  4.909553e+14   6.495989137e+12 
  683.270  4.912000e+14   6.500493296e+12 
  683.280  4.913028e+14   6.502336168e+12 
  683.290  4.913284e+14   6.503033995e+12 
  683.300  4.911016e+14   6.500511121e+12 
  683.310  4.907625e+14   6.496552747e+12 
  683.320  4.909650e+14   6.499351396e+12 
  683.330  4.912473e+14   6.503127843e+12 
  683.340  4.916689e+14   6.508628148e+12 
  683.350  4.919902e+14   6.512838181e+12 
  683.360  4.920129e+14   6.513246601e+12 
  683.370  4.921526e+14   6.514952110e+12 
  683.380  4.921837e+14   6.514639634e+12 
  683.390  4.912370e+14   6.494472897e+12 
  683.400  4.897787e+14   6.461489938e+12 
  683.410  4.879421e+14   6.460846113e+12 
  683.420  4.862352e+14   6.441312715e+12 
  683.430  4.866493e+14   6.446624801e+12 
  683.440  4.880444e+14   6.462858854e+12 
  683.450  4.899006e+14   6.472161296e+12 
  683.460  4.915458e+14   6.500599202e+12 
  683.470  4.916448e+14   6.500919017e+12 
  683.480  4.870901e+14   6.392765743e+12 
  683.490  4.814034e+14   6.310638125e+12 
  683.500  4.758895e+14   6.304690602e+12 
  683.510  4.712837e+14   6.253640155e+12 
  683.520  4.750171e+14   6.301917118e+12 
  683.530  4.807281e+14   6.372720116e+12 
  683.540  4.862635e+14   6.430847402e+12 
  683.550  4.913718e+14   6.468151017e+12 
  683.560  4.921492e+14   6.515075318e+12 
  683.570  4.917172e+14   6.512744858e+12 
  683.580  4.914339e+14   6.509129368e+12 
  683.590  4.912954e+14   6.498658288e+12 
  683.600  4.911798e+14   6.497438269e+12 
  683.610  4.916949e+14   6.509873332e+12 
  683.620  4.921648e+14   6.510265500e+12 
  683.630  4.924675e+14   6.499990503e+12 
  683.640  4.926930e+14   6.450175803e+12 
  683.650  4.925624e+14   6.517266842e+12 
  683.660  4.923513e+14   6.522379698e+12 
  683.670  4.923216e+14   6.524054274e+12 
  683.680  4.923912e+14   6.525877748e+12 
  683.690  4.924442e+14   6.527142330e+12 
  683.700  4.925193e+14   6.528536412e+12 
  683.710  4.923609e+14   6.526931042e+12 
  683.720  4.921337e+14   6.524418130e+12 
  683.730  4.919617e+14   6.522569490e+12 
  683.740  4.918886e+14   6.521938772e+12 
  683.750  4.921267e+14   6.525187260e+12 
  683.760  4.918299e+14   6.521700221e+12 
  683.770  4.912720e+14   6.514877661e+12 
  683.780  4.906528e+14   6.507091984e+12 
  683.790  4.897372e+14   6.494415225e+12 
  683.800  4.897619e+14   6.484497793e+12 
  683.810  4.902250e+14   6.501413945e+12 
  683.820  4.902745e+14   6.503429308e+12 
  683.830  4.901473e+14   6.502328828e+12 
  683.840  4.896009e+14   6.495806161e+12 
  683.850  4.880160e+14   6.476198838e+12 
  683.860  4.813746e+14   6.393153716e+12 
  683.870  4.746273e+14   6.308745445e+12 
  683.880  4.679655e+14   6.225365828e+12 
  683.890  4.630045e+14   6.163247661e+12 
  683.900  4.690947e+14   6.239586091e+12 
  683.910  4.766209e+14   6.333587784e+12 
  683.920  4.840983e+14   6.425445663e+12 
  683.930  4.909482e+14   6.488913871e+12 
  683.940  4.920903e+14   6.518237299e+12 
  683.950  4.921605e+14   6.466606989e+12 
  683.960  4.919645e+14   6.509828768e+12 
  683.970  4.914383e+14   6.514990907e+12 
  683.980  4.907553e+14   6.506593911e+12 
  683.990  4.903406e+14   6.502659129e+12 
  684.000  4.904058e+14   6.506480665e+12 
  684.010  4.908534e+14   6.507867931e+12 
  684.020  4.915278e+14   6.466264105e+12 
  684.030  4.920700e+14   6.515093668e+12 
  684.040  4.922134e+14   6.503734444e+12 
  684.050  4.920112e+14   6.486033433e+12 
  684.060  4.916615e+14   6.518255649e+12 
  684.070  4.913184e+14   6.517420458e+12 
  684.080  4.913804e+14   6.515846545e+12 
  684.090  4.916472e+14   6.503240565e+12 
  684.100  4.918335e+14   6.302990860e+12 
  684.110  4.918679e+14   6.483486966e+12 
  684.120  4.913068e+14   6.500906959e+12 
  684.130  4.898372e+14   6.499189916e+12 
  684.140  4.792216e+14   6.365461873e+12 
  684.150  4.655700e+14   6.174548165e+12 
  684.160  4.524014e+14   5.941391000e+12 
  684.170  4.408953e+14   5.880966283e+12 
  684.180  4.484114e+14   5.984490095e+12 
  684.190  4.618832e+14   6.155865162e+12 
  684.200  4.754199e+14   6.326831284e+12 
  684.210  4.876733e+14   6.481207886e+12 
  684.220  4.905171e+14   6.516813332e+12 
  684.230  4.901159e+14   6.503366394e+12 
  684.240  4.892580e+14   6.500144644e+12 
  684.250  4.876433e+14   6.480729211e+12 
  684.260  4.837734e+14   6.430081942e+12 
  684.270  4.766056e+14   6.326448554e+12 
  684.280  4.668559e+14   6.168944050e+12 
  684.290  4.442685e+14   5.901329105e+12 
  684.300  4.185601e+14   5.592440635e+12 
  684.310  3.993981e+14   5.368261378e+12 
  684.320  3.859657e+14   5.193894199e+12 
  684.330  4.009935e+14   5.393017209e+12 
  684.340  4.302302e+14   5.759745130e+12 
  684.350  4.562823e+14   6.082779939e+12 
  684.360  4.743920e+14   6.290047762e+12 
  684.370  4.749765e+14   6.116698227e+12 
  684.380  4.678953e+14   6.191920447e+12 
  684.390  4.611415e+14   6.140605235e+12 
  684.400  4.653525e+14   6.197929837e+12 
  684.410  4.734421e+14   6.294109946e+12 
  684.420  4.764404e+14   6.277107810e+12 
  684.430  4.698800e+14   6.163986907e+12 
  684.440  4.569131e+14   6.084032463e+12 
  684.450  4.422718e+14   5.902867366e+12 
  684.460  4.371692e+14   5.772787319e+12 
  684.470  4.510601e+14   6.013961372e+12 
  684.480  4.658432e+14   6.211282403e+12 
  684.490  4.805342e+14   6.398591631e+12 
  684.500  4.899507e+14   6.517329756e+12 
  684.510  4.889979e+14   6.491968373e+12 
  684.520  4.745978e+14   6.322998739e+12 
  684.530  4.504183e+14   6.018272068e+12 
  684.540  4.258795e+14   5.680887497e+12 
  684.550  4.039126e+14   5.386129637e+12 
  684.560  4.079548e+14   5.483995857e+12 
  684.570  4.319752e+14   5.790344151e+12 
  684.580  4.570328e+14   6.105526174e+12 
  684.590  4.812216e+14   6.391698817e+12 
  684.600  4.916352e+14   6.540102205e+12 
  684.610  4.925768e+14   6.552855511e+12 
  684.620  4.924433e+14   6.538867507e+12 
  684.630  4.912302e+14   6.513416471e+12 
  684.640  4.898038e+14   6.357259911e+12 
  684.650  4.884268e+14   6.488070291e+12 
  684.660  4.873157e+14   6.483312378e+12 
  684.670  4.880473e+14   6.465279492e+12 
  684.680  4.891076e+14   6.492810379e+12 
  684.690  4.901819e+14   6.520533680e+12 
  684.700  4.913416e+14   6.541217366e+12 
  684.710  4.915676e+14   6.544340550e+12 
  684.720  4.915741e+14   6.539758797e+12 
  684.730  4.915624e+14   6.496261767e+12 
  684.740  4.914531e+14   6.533533925e+12 
  684.750  4.912096e+14   6.480763290e+12 
  684.760  4.905180e+14   6.507827560e+12 
  684.770  4.886087e+14   6.498191671e+12 
  684.780  4.866924e+14   6.439953760e+12 
  684.790  4.849902e+14   6.348041355e+12 
  684.800  4.840330e+14   6.437181850e+12 
  684.810  4.852402e+14   6.465969979e+12 
  684.820  4.865235e+14   6.485374927e+12 
  684.830  4.880326e+14   6.505833693e+12 
  684.840  4.895902e+14   6.526285644e+12 
  684.850  4.903172e+14   6.535929922e+12 
  684.860  4.909075e+14   6.543456076e+12 
  684.870  4.912495e+14   6.546316067e+12 
  684.880  4.913151e+14   6.532441833e+12 
  684.890  4.910941e+14   6.544536633e+12 
  684.900  4.909471e+14   6.544063726e+12 
  684.910  4.908881e+14   6.535400915e+12 
  684.920  4.907167e+14   6.541692371e+12 
  684.930  4.908720e+14   6.543045558e+12 
  684.940  4.912261e+14   6.544197419e+12 
  684.950  4.915396e+14   6.533309006e+12 
  684.960  4.920739e+14   6.404895146e+12 
  684.970  4.924225e+14   6.507336827e+12 
  684.980  4.926006e+14   6.537402647e+12 
  684.990  4.927412e+14   6.560306692e+12 
  685.000  4.927096e+14   6.566902759e+12 
  685.010  4.919823e+14   6.548750336e+12 
  685.020  4.897783e+14   6.527202623e+12 
  685.030  4.871918e+14   6.502028411e+12 
  685.040  4.844426e+14   6.468836786e+12 
  685.050  4.828994e+14   6.450194678e+12 
  685.060  4.840986e+14   6.465962115e+12 
  685.070  4.859184e+14   6.489471713e+12 
  685.080  4.878030e+14   6.513740481e+12 
  685.090  4.893157e+14   6.533247140e+12 
  685.100  4.895859e+14   6.536930263e+12 
  685.110  4.897192e+14   6.538394599e+12 
  685.120  4.903400e+14   6.541752664e+12 
  685.130  4.907964e+14   6.543576138e+12 
  685.140  4.912728e+14   6.559009079e+12 
  685.150  4.916737e+14   6.565487706e+12 
  685.160  4.918525e+14   6.568443642e+12 
  685.170  4.920973e+14   6.572068045e+12 
  685.180  4.922588e+14   6.574569423e+12 
  685.190  4.923498e+14   6.576123937e+12 
  685.200  4.923706e+14   6.576688595e+12 
  685.210  4.923530e+14   6.576311632e+12 
  685.220  4.923704e+14   6.570256105e+12 
  685.230  4.922436e+14   6.575058059e+12 
  685.240  4.916447e+14   6.567715930e+12 
  685.250  4.905677e+14   6.544683434e+12 
  685.260  4.891525e+14   6.532769513e+12 
  685.270  4.879949e+14   6.523431420e+12 
  685.280  4.876891e+14   6.520601313e+12 
  685.290  4.880207e+14   6.525224485e+12 
  685.300  4.881363e+14   6.526612275e+12 
  685.310  4.870938e+14   6.510820196e+12 
  685.320  4.807424e+14   6.416639197e+12 
  685.330  4.720123e+14   6.321907696e+12 
  685.340  4.642029e+14   6.215489815e+12 
  685.350  4.556292e+14   6.114940813e+12 
  685.360  4.532617e+14   6.077420667e+12 
  685.370  4.554002e+14   6.108179071e+12 
  685.380  4.577085e+14   6.144966787e+12 
  685.390  4.643310e+14   6.229541257e+12 
  685.400  4.727229e+14   6.336092307e+12 
  685.410  4.785278e+14   6.409681895e+12 
  685.420  4.836674e+14   6.474470261e+12 
  685.430  4.867945e+14   6.512598581e+12 
  685.440  4.870969e+14   6.507662410e+12 
  685.450  4.879766e+14   6.455365206e+12 
  685.460  4.891970e+14   6.537389539e+12 
  685.470  4.900139e+14   6.553670255e+12 
  685.480  4.905823e+14   6.561089454e+12 
  685.490  4.909986e+14   6.563230646e+12 
  685.500  4.913035e+14   6.549568750e+12 
  685.510  4.916179e+14   6.401058931e+12 
  685.520  4.916430e+14   6.547905184e+12 
  685.530  4.913248e+14   6.516969046e+12 
  685.540  4.908204e+14   6.370678538e+12 
  685.550  4.903066e+14   6.519327293e+12 
  685.560  4.901064e+14   6.536836940e+12 
  685.570  4.904231e+14   6.482048319e+12 
  685.580  4.908244e+14   6.379724079e+12 
  685.590  4.895793e+14   6.527983288e+12 
  685.600  4.875583e+14   6.516226654e+12 
  685.610  4.842730e+14   6.468243292e+12 
  685.620  4.810920e+14   6.446088454e+12 
  685.630  4.809635e+14   6.441042182e+12 
  685.640  4.767140e+14   6.393949061e+12 
  685.650  4.714540e+14   6.329626788e+12 
  685.660  4.648519e+14   6.246828605e+12 
  685.670  4.421356e+14   5.959368835e+12 
  685.680  4.147955e+14   5.612984861e+12 
  685.690  3.909449e+14   5.309984145e+12 
  685.700  3.699544e+14   5.038538752e+12 
  685.710  3.783723e+14   5.151658082e+12 
  685.720  4.091253e+14   5.542405210e+12 
  685.730  4.344993e+14   5.864115667e+12 
  685.740  4.570074e+14   6.142911054e+12 
  685.750  4.640269e+14   6.234773127e+12 
  685.760  4.528109e+14   6.084548887e+12 
  685.770  4.481766e+14   5.987543024e+12 
  685.780  4.453193e+14   5.999102001e+12 
  685.790  4.443318e+14   5.990681412e+12 
  685.800  4.537092e+14   6.110895407e+12 
  685.810  4.640395e+14   6.242511094e+12 
  685.820  4.744517e+14   6.374605455e+12 
  685.830  4.845235e+14   6.500875502e+12 
  685.840  4.892555e+14   6.549107900e+12 
  685.850  4.907734e+14   6.522565296e+12 
  685.860  4.914855e+14   6.585919209e+12 
  685.870  4.912937e+14   6.586372194e+12 
  685.880  4.849932e+14   6.486783164e+12 
  685.890  4.753541e+14   6.386283446e+12 
  685.900  4.655956e+14   6.265342788e+12 
  685.910  4.565725e+14   6.151369392e+12 
  685.920  4.591925e+14   6.184226521e+12 
  685.930  4.686081e+14   6.298054689e+12 
  685.940  4.780560e+14   6.414268367e+12 
  685.950  4.871208e+14   6.533650842e+12 
  685.960  4.895520e+14   6.560242729e+12 
  685.970  4.776075e+14   6.411179786e+12 
  685.980  4.575634e+14   6.161076060e+12 
  685.990  4.372217e+14   5.875979256e+12 
  686.000  4.184732e+14   5.642441982e+12 
  686.010  4.213624e+14   5.640426619e+12 
  686.020  4.409588e+14   5.949282058e+12 
  686.030  4.615320e+14   6.216805253e+12 
  686.040  4.814424e+14   6.470785040e+12 
  686.050  4.906442e+14   6.582441607e+12 
  686.060  4.909344e+14   6.544738484e+12 
  686.070  4.907964e+14   6.587044856e+12 
  686.080  4.905869e+14   6.587306476e+12 
  686.090  4.905837e+14   6.580020445e+12 
  686.100  4.909503e+14   6.585544868e+12 
  686.110  4.911119e+14   6.536073052e+12 
  686.120  4.911766e+14   6.565678023e+12 
  686.130  4.908549e+14   6.591878791e+12 
  686.140  4.897018e+14   6.579864732e+12 
  686.150  4.886915e+14   6.566459736e+12 
  686.160  4.873658e+14   6.553161695e+12 
  686.170  4.850124e+14   6.520407327e+12 
  686.180  4.833635e+14   6.496012206e+12 
  686.190  4.813944e+14   6.464409698e+12 
  686.200  4.798683e+14   6.458824458e+12 
  686.210  4.807198e+14   6.469260935e+12 
  686.220  4.815269e+14   6.471654310e+12 
  686.230  4.784488e+14   6.357500559e+12 
  686.240  4.704640e+14   6.276855628e+12 
  686.250  4.601431e+14   6.197115093e+12 
  686.260  4.498737e+14   6.036340605e+12 
  686.270  4.482869e+14   6.045044834e+12 
  686.280  4.557084e+14   6.154767303e+12 
  686.290  4.649395e+14   6.275697476e+12 
  686.300  4.734504e+14   6.385660592e+12 
  686.310  4.764626e+14   6.424879432e+12 
  686.320  4.761742e+14   6.421558591e+12 
  686.330  4.758525e+14   6.417072259e+12 
  686.340  4.757193e+14   6.411926372e+12 
  686.350  4.593236e+14   6.160717447e+12 
  686.360  4.265183e+14   5.770100343e+12 
  686.370  3.921468e+14   5.348835459e+12 
  686.380  3.597989e+14   4.938121871e+12 
  686.390  3.639809e+14   4.990727881e+12 
  686.400  3.960583e+14   5.385185919e+12 
  686.410  4.223674e+14   5.736635040e+12 
  686.420  4.456639e+14   6.028795576e+12 
  686.430  4.513512e+14   6.108195324e+12 
  686.440  4.454873e+14   6.032924869e+12 
  686.450  4.560829e+14   6.164835205e+12 
  686.460  4.684088e+14   6.292340998e+12 
  686.470  4.803577e+14   6.399313576e+12 
  686.480  4.902593e+14   6.484237746e+12 
  686.490  4.912956e+14   6.569644786e+12 
  686.500  4.913780e+14   6.611526484e+12 
  686.510  4.915900e+14   6.613368832e+12 
  686.520  4.916826e+14   6.604235735e+12 
  686.530  4.917034e+14   6.620773351e+12 
  686.540  4.916238e+14   6.624870138e+12 
  686.550  4.913198e+14   6.621905814e+12 
  686.560  4.911584e+14   6.619835924e+12 
  686.570  4.911038e+14   6.618407764e+12 
  686.580  4.908778e+14   6.613504098e+12 
  686.590  4.889630e+14   6.583226991e+12 
  686.600  4.866479e+14   6.526974034e+12 
  686.610  4.841680e+14   6.310025232e+12 
  686.620  4.820118e+14   6.453244985e+12 
  686.630  4.833646e+14   6.491219165e+12 
  686.640  4.853684e+14   6.538950869e+12 
  686.650  4.874526e+14   6.568532771e+12 
  686.660  4.895891e+14   6.594250146e+12 
  686.670  4.900957e+14   6.585099223e+12 
  686.680  4.901576e+14   6.601071657e+12 
  686.690  4.885531e+14   6.579008045e+12 
  686.700  4.851233e+14   6.527115067e+12 
  686.710  4.814031e+14   6.480711909e+12 
  686.720  4.780690e+14   6.423561896e+12 
  686.730  4.782057e+14   6.324512883e+12 
  686.740  4.817740e+14   6.464053182e+12 
  686.750  4.854586e+14   6.500727652e+12 
  686.760  4.889827e+14   6.396702622e+12 
  686.770  4.906938e+14   6.419941687e+12 
  686.780  4.907610e+14   6.464882082e+12 
  686.790  4.908994e+14   6.432518832e+12 
  686.800  4.906114e+14   6.517791130e+12 
  686.810  4.902026e+14   6.553222513e+12 
  686.820  4.897530e+14   6.548267991e+12 
  686.830  4.894041e+14   6.532774756e+12 
  686.840  4.899118e+14   6.527563858e+12 
  686.850  4.905893e+14   6.516820148e+12 
  686.860  4.910901e+14   6.491643838e+12 
  686.870  4.910295e+14   6.437925814e+12 
  686.880  4.896580e+14   6.315661328e+12 
  686.890  4.876428e+14   5.970537742e+12 
  686.900  4.857149e+14   5.076683325e+12 
  686.910  4.840486e+14   8.465806131e+11 
  686.920  4.839394e+14   3.917777732e+12 
  686.930  4.849199e+14   1.402129613e+12 
  686.940  4.862385e+14   1.637867454e+12 
  686.950  4.882161e+14   3.335796556e+12 
  686.960  4.895529e+14   5.490631246e+12 
  686.970  4.903256e+14   5.290527293e+12 
  686.980  4.906643e+14   5.092880155e+12 
  686.990  4.904512e+14   4.016665788e+12 
  687.000  4.902165e+14   2.557154714e+10 
  687.010  4.901037e+14   1.569495613e+11 
  687.020  4.903761e+14   3.389039051e+12 
  687.030  4.907550e+14   1.476874994e+12 
  687.040  4.911266e+14   1.740166005e+12 
  687.050  4.914181e+14   2.991211151e+12 
  687.060  4.914315e+14   4.932280779e+12 
  687.070  4.909814e+14   3.637241971e+12 
  687.080  4.903592e+14   2.406163456e+10 
  687.090  4.896341e+14   2.440398635e+12 
  687.100  4.882532e+14   1.545890857e+11 
  687.110  4.874770e+14   4.318366794e+12 
  687.120  4.869488e+14   5.542491718e+12 
  687.130  4.866023e+14   5.788645982e+12 
  687.140  4.878194e+14   5.669572313e+12 
  687.150  4.890247e+14   3.986143576e+12 
  687.160  4.901327e+14   4.953654428e+12 
  687.170  4.902744e+14   2.875106001e+12 
  687.180  4.889914e+14   8.746011034e+10 
  687.190  4.872782e+14   5.235828982e+11 
  687.200  4.854353e+14   3.865732186e+12 
  687.210  4.852714e+14   5.163803738e+12 
  687.220  4.863798e+14   5.573272142e+12 
  687.230  4.879623e+14   5.893133435e+12 
  687.240  4.898296e+14   5.968217244e+12 
  687.250  4.908995e+14   4.423457178e+12 
  687.260  4.913306e+14   5.560417649e+12 
  687.270  4.915303e+14   3.894742352e+12 
  687.280  4.915892e+14   7.703781704e+11 
  687.290  4.916419e+14   1.509968708e+12 
  687.300  4.916428e+14   3.903747260e+12 
  687.310  4.915680e+14   1.829024170e+12 
  687.320  4.914402e+14   2.881222083e+11 
  687.330  4.912089e+14   3.630452703e+12 
  687.340  4.908039e+14   5.302918840e+12 
  687.350  4.905226e+14   5.815053320e+12 
  687.360  4.902925e+14   5.991097696e+12 
  687.370  4.898136e+14   5.990658343e+12 
  687.380  4.890337e+14   5.823274156e+12 
  687.390  4.863383e+14   5.530109084e+12 
  687.400  4.778200e+14   4.292761354e+12 
  687.410  4.695093e+14   6.636805816e+11 
  687.420  4.623423e+14   1.208468767e+12 
  687.430  4.590360e+14   4.341332967e+12 
  687.440  4.667364e+14   5.114641777e+12 
  687.450  4.734281e+14   5.027738419e+12 
  687.460  4.790676e+14   3.807712903e+12 
  687.470  4.829737e+14   5.075533169e+11 
  687.480  4.816781e+14   1.111912481e+12 
  687.490  4.836079e+14   4.368033120e+12 
  687.500  4.860813e+14   5.511790461e+12 
  687.510  4.875658e+14   5.895484342e+12 
  687.520  4.884645e+14   6.018751267e+12 
  687.530  4.873521e+14   5.850006028e+12 
  687.540  4.860241e+14   5.767909868e+12 
  687.550  4.859961e+14   5.126275727e+12 
  687.560  4.864335e+14   2.695380599e+12 
  687.570  4.870232e+14   3.175458406e+10 
  687.580  4.874958e+14   3.415527653e+12 
  687.590  4.880387e+14   5.316502094e+12 
  687.600  4.884843e+14   5.718535045e+12 
  687.610  4.887232e+14   5.960367604e+12 
  687.620  4.890660e+14   5.881106792e+12 
  687.630  4.890097e+14   5.458508120e+12 
  687.640  4.890061e+14   4.259729113e+12 
  687.650  4.893255e+14   7.503145206e+11 
  687.660  4.897604e+14   8.153318031e+11 
  687.670  4.903095e+14   4.374729327e+12 
  687.680  4.908143e+14   5.598108713e+12 
  687.690  4.910080e+14   5.993450177e+12 
  687.700  4.887598e+14   6.094317945e+12 
  687.710  4.850581e+14   6.013421355e+12 
  687.720  4.812371e+14   5.797743952e+12 
  687.730  4.775418e+14   5.159723205e+12 
  687.740  4.783472e+14   2.776506302e+12 
  687.750  4.812644e+14   5.867449139e+10 
  687.760  4.806020e+14   3.670339748e+12 
  687.770  4.794242e+14   5.434519323e+12 
  687.780  4.759541e+14   5.891584688e+12 
  687.790  4.723056e+14   6.030387839e+12 
  687.800  4.756477e+14   6.135261692e+12 
  687.810  4.803489e+14   6.194575966e+12 
  687.820  4.849069e+14   6.185121481e+12 
  687.830  4.881004e+14   6.034018533e+12 
  687.840  4.877405e+14   5.511866483e+12 
  687.850  4.863551e+14   3.671502094e+12 
  687.860  4.852386e+14   7.174243123e+10 
  687.870  4.860118e+14   2.696071348e+12 
  687.880  4.871343e+14   5.166121615e+12 
  687.890  4.887544e+14   5.576074985e+12 
  687.900  4.903078e+14   6.138389594e+12 
  687.910  4.906905e+14   6.212872045e+12 
  687.920  4.908056e+14   6.142580228e+12 
  687.930  4.906526e+14   5.940542177e+12 
  687.940  4.905202e+14   4.937758015e+12 
  687.950  4.906389e+14   6.939844280e+11 
  687.960  4.907941e+14   2.318520287e+12 
  687.970  4.909858e+14   5.452286394e+12 
  687.980  4.910209e+14   6.123163222e+12 
  687.990  4.905953e+14   6.202620641e+12 
  688.000  4.898055e+14   6.455912563e+12 
  688.010  4.876134e+14   6.432543474e+12 
  688.020  4.840002e+14   6.448857743e+12 
  688.030  4.804365e+14   6.394115260e+12 
  688.040  4.775237e+14   6.373874074e+12 
  688.050  4.772426e+14   6.286842790e+12 
  688.060  4.798662e+14   6.269832790e+12 
  688.070  4.833045e+14   6.063545909e+12 
  688.080  4.864940e+14   5.221933646e+12 
  688.090  4.885996e+14   9.979369226e+11 
  688.100  4.894574e+14   2.340489003e+12 
  688.110  4.900188e+14   5.569954972e+12 
  688.120  4.903112e+14   6.229701165e+12 
  688.130  4.904528e+14   6.350113866e+12 
  688.140  4.903965e+14   6.465385398e+12 
  688.150  4.901814e+14   6.490431160e+12 
  688.160  4.902710e+14   6.397495345e+12 
  688.170  4.901710e+14   5.899783504e+12 
  688.180  4.898818e+14   1.323030544e+12 
  688.190  4.895664e+14   4.648958689e+12 
  688.200  4.893174e+14   6.237100966e+12 
  688.210  4.891247e+14   6.525478240e+12 
  688.220  4.848629e+14   6.562693251e+12 
  688.230  4.788369e+14   6.512626893e+12 
  688.240  4.723985e+14   6.459110195e+12 
  688.250  4.663908e+14   6.368238502e+12 
  688.260  4.688231e+14   6.420478034e+12 
  688.270  4.746257e+14   6.516168983e+12 
  688.280  4.806922e+14   6.612736541e+12 
  688.290  4.865146e+14   6.679290184e+12 
  688.300  4.880578e+14   6.677145321e+12 
  688.310  4.880324e+14   6.677659124e+12 
  688.320  4.838702e+14   6.667206394e+12 
  688.330  4.749366e+14   6.551784391e+12 
  688.340  4.653495e+14   6.384486711e+12 
  688.350  4.561713e+14   6.307724132e+12 
  688.360  4.550912e+14   6.216157757e+12 
  688.370  4.641169e+14   6.422677946e+12 
  688.380  4.740223e+14   6.550928753e+12 
  688.390  4.833733e+14   6.679965991e+12 
  688.400  4.842868e+14   6.693068472e+12 
  688.410  4.739367e+14   6.546805752e+12 
  688.420  4.617748e+14   6.351373206e+12 
  688.430  4.500126e+14   6.220378800e+12 
  688.440  4.462574e+14   6.183669203e+12 
  688.450  4.534580e+14   6.283298603e+12 
  688.460  4.552731e+14   6.297288704e+12 
  688.470  4.562373e+14   6.276663738e+12 
  688.480  4.534721e+14   6.252275433e+12 
  688.490  4.476545e+14   6.189031096e+12 
  688.500  4.573767e+14   6.306461123e+12 
  688.510  4.684938e+14   6.387250233e+12 
  688.520  4.795696e+14   6.546526306e+12 
  688.530  4.885866e+14   6.615762207e+12 
  688.540  4.896887e+14   6.522948026e+12 
  688.550  4.896429e+14   6.258053612e+12 
  688.560  4.895308e+14   5.322558145e+12 
  688.570  4.894289e+14   7.473165107e+11 
  688.580  4.892324e+14   3.079287079e+12 
  688.590  4.894155e+14   5.800390033e+12 
  688.600  4.898130e+14   6.326992241e+12 
  688.610  4.903046e+14   6.575405662e+12 
  688.620  4.908161e+14   6.665908257e+12 
  688.630  4.910808e+14   6.711405969e+12 
  688.640  4.912106e+14   6.735665299e+12 
  688.650  4.912536e+14   6.743297884e+12 
  688.660  4.912266e+14   6.751447417e+12 
  688.670  4.910458e+14   6.750165008e+12 
  688.680  4.907885e+14   6.734723154e+12 
  688.690  4.904853e+14   6.496071451e+12 
  688.700  4.900400e+14   6.694703727e+12 
  688.710  4.897538e+14   6.657309934e+12 
  688.720  4.894098e+14   6.521473729e+12 
  688.730  4.834889e+14   6.390881452e+12 
  688.740  4.706831e+14   5.982929289e+12 
  688.750  4.574754e+14   5.075663585e+12 
  688.760  4.447771e+14   1.595719811e+12 
  688.770  4.429479e+14   1.153453392e+12 
  688.780  4.556108e+14   4.668934062e+12 
  688.790  4.689572e+14   5.853015441e+12 
  688.800  4.795190e+14   6.115328786e+12 
  688.810  4.832684e+14   5.976485790e+12 
  688.820  4.791196e+14   6.150437732e+12 
  688.830  4.747665e+14   6.093281427e+12 
  688.840  4.750740e+14   5.704389231e+12 
  688.850  4.783421e+14   4.568953913e+12 
  688.860  4.821631e+14   7.367515832e+11 
  688.870  4.860999e+14   1.285951980e+12 
  688.880  4.877289e+14   4.719687762e+12 
  688.890  4.879842e+14   5.412895064e+12 
  688.900  4.879218e+14   6.275887268e+12 
  688.910  4.871642e+14   6.042513048e+12 
  688.920  4.817019e+14   6.513685430e+12 
  688.930  4.721302e+14   6.430800740e+12 
  688.940  4.622164e+14   6.221043073e+12 
  688.950  4.529743e+14   6.200174313e+12 
  688.960  4.531068e+14   6.248843969e+12 
  688.970  4.612557e+14   6.351784247e+12 
  688.980  4.706176e+14   6.375853785e+12 
  688.990  4.807040e+14   6.099926778e+12 
  689.000  4.866796e+14   6.659013345e+12 
  689.010  4.885990e+14   6.687925207e+12 
  689.020  4.897845e+14   6.612502708e+12 
  689.030  4.902729e+14   6.601537225e+12 
  689.040  4.904155e+14   6.509823525e+12 
  689.050  4.905266e+14   5.989948457e+12 
  689.060  4.906467e+14   5.985194738e+12 
  689.070  4.907366e+14   4.828421423e+12 
  689.080  4.907808e+14   8.841903473e+11 
  689.090  4.908128e+14   1.079203004e+12 
  689.100  4.908508e+14   4.940330172e+12 
  689.110  4.908562e+14   5.963931189e+12 
  689.120  4.908654e+14   6.196078051e+12 
  689.130  4.908554e+14   6.360669356e+12 
  689.140  4.905792e+14   6.300372042e+12 
  689.150  4.900311e+14   5.838794654e+12 
  689.160  4.894921e+14   5.364661617e+12 
  689.170  4.889134e+14   2.993240932e+12 
  689.180  4.885145e+14   9.832650752e+09 
  689.190  4.883449e+14   2.677829009e+12 
  689.200  4.881248e+14   4.984953373e+12 
  689.210  4.880078e+14   5.992056619e+12 
  689.220  4.883387e+14   6.364548563e+12 
  689.230  4.889933e+14   6.504743174e+12 
  689.240  4.897458e+14   6.656749994e+12 
  689.250  4.904175e+14   6.721600750e+12 
  689.260  4.906741e+14   6.727623770e+12 
  689.270  4.906336e+14   6.712297783e+12 
  689.280  4.905216e+14   6.748446917e+12 
  689.290  4.903272e+14   6.767626945e+12 
  689.300  4.901504e+14   6.808500961e+12 
  689.310  4.898916e+14   6.799530394e+12 
  689.320  4.896740e+14   6.803745145e+12 
  689.330  4.896650e+14   6.789346623e+12 
  689.340  4.898098e+14   6.767264662e+12 
  689.350  4.899648e+14   6.133972992e+12 
  689.360  4.899138e+14   6.453950677e+12 
  689.370  4.894580e+14   6.517970436e+12 
  689.380  4.887392e+14   6.571649663e+12 
  689.390  4.880821e+14   6.424628822e+12 
  689.400  4.877717e+14   6.086123848e+12 
  689.410  4.880470e+14   5.152845070e+12 
  689.420  4.885611e+14   1.825127006e+12 
  689.430  4.892146e+14   3.886181581e+11 
  689.440  4.896138e+14   3.995978170e+12 
  689.450  4.897599e+14   5.735224705e+12 
  689.460  4.898615e+14   6.220051644e+12 
  689.470  4.898260e+14   6.354638471e+12 
  689.480  4.898429e+14   6.313215525e+12 
  689.490  4.896619e+14   5.384789033e+12 
  689.500  4.892322e+14   5.428719124e+12 
  689.510  4.888268e+14   3.206025314e+12 
  689.520  4.883738e+14   3.294962688e+10 
  689.530  4.875342e+14   2.336521191e+12 
  689.540  4.869632e+14   5.184768967e+12 
  689.550  4.862954e+14   6.073778962e+12 
  689.560  4.857370e+14   6.410601497e+12 
  689.570  4.865140e+14   6.587175404e+12 
  689.580  4.871804e+14   6.689098039e+12 
  689.590  4.876999e+14   6.752965231e+12 
  689.600  4.879821e+14   6.792586723e+12 
  689.610  4.874097e+14   6.798273675e+12 
  689.620  4.867288e+14   6.799249375e+12 
  689.630  4.860760e+14   6.662484656e+12 
  689.640  4.845075e+14   6.720663323e+12 
  689.650  4.796545e+14   6.739674530e+12 
  689.660  4.729547e+14   6.651616166e+12 
  689.670  4.661637e+14   6.447011201e+12 
  689.680  4.611225e+14   6.455404528e+12 
  689.690  4.615240e+14   6.487964385e+12 
  689.700  4.656729e+14   6.552573968e+12 
  689.710  4.703967e+14   6.603353358e+12 
  689.720  4.749609e+14   6.633178530e+12 
  689.730  4.787650e+14   6.557207626e+12 
  689.740  4.815477e+14   6.487521362e+12 
  689.750  4.843464e+14   6.549705064e+12 
  689.760  4.865505e+14   6.411467620e+12 
  689.770  4.873438e+14   5.928281702e+12 
  689.780  4.875562e+14   4.609806959e+12 
  689.790  4.875953e+14   6.412180521e+11 
  689.800  4.880343e+14   1.319014367e+12 
  689.810  4.885933e+14   5.014694134e+12 
  689.820  4.891571e+14   6.025844359e+12 
  689.830  4.895539e+14   6.013885874e+12 
  689.840  4.897596e+14   6.418739495e+12 
  689.850  4.899315e+14   6.325362754e+12 
  689.860  4.901679e+14   5.993438642e+12 
  689.870  4.903793e+14   4.962112242e+12 
  689.880  4.905061e+14   1.412515365e+12 
  689.890  4.904839e+14   4.720022651e+11 
  689.900  4.903792e+14   4.193925202e+12 
  689.910  4.902881e+14   5.760047120e+12 
  689.920  4.902153e+14   6.226609963e+12 
  689.930  4.902482e+14   6.603971494e+12 
  689.940  4.901370e+14   6.735459254e+12 
  689.950  4.899938e+14   6.760767685e+12 
  689.960  4.898192e+14   6.581218968e+12 
  689.970  4.895093e+14   6.828131353e+12 
  689.980  4.879521e+14   6.704524689e+12 
  689.990  4.790081e+14   6.759290241e+12 
  690.000  4.691504e+14   6.674145346e+12 
  690.010  4.594209e+14   6.557135798e+12 
  690.020  4.523708e+14   6.464272859e+12 
  690.030  4.603458e+14   6.583408919e+12 
  690.040  4.699051e+14   6.721277788e+12 
  690.050  4.793327e+14   6.852975264e+12 
  690.060  4.874572e+14   6.964187759e+12 
  690.070  4.884449e+14   6.972307931e+12 
  690.080  4.886721e+14   6.690114634e+12 
  690.090  4.891585e+14   6.965371077e+12 
  690.100  4.893340e+14   6.961187258e+12 
  690.110  4.894447e+14   6.946646655e+12 
  690.120  4.890898e+14   6.908342698e+12 
  690.130  4.877148e+14   6.813265691e+12 
  690.140  4.862267e+14   6.533707465e+12 
  690.150  4.839094e+14   6.438163317e+12 
  690.160  4.800794e+14   6.180578001e+12 
  690.170  4.779078e+14   5.162971693e+12 
  690.180  4.763067e+14   1.341424665e+12 
  690.190  4.765834e+14   8.359028326e+11 
  690.200  4.806577e+14   4.931956769e+12 
  690.210  4.840330e+14   6.112523321e+12 
  690.220  4.870046e+14   6.471362281e+12 
  690.230  4.890315e+14   6.582701130e+12 
  690.240  4.890787e+14   6.416606691e+12 
  690.250  4.889841e+14   6.239964103e+12 
  690.260  4.888875e+14   5.386921837e+12 
  690.270  4.888221e+14   2.017396523e+12 
  690.280  4.888192e+14   4.303707177e+11 
  690.290  4.891724e+14   4.478615421e+12 
  690.300  4.895421e+14   6.080250774e+12 
  690.310  4.898726e+14   6.568477721e+12 
  690.320  4.899765e+14   6.753459110e+12 
  690.330  4.898067e+14   6.881818444e+12 
  690.340  4.894205e+14   6.803578421e+12 
  690.350  4.882570e+14   6.760167899e+12 
  690.360  4.871401e+14   6.983614202e+12 
  690.370  4.859538e+14   6.989898842e+12 
  690.380  4.850284e+14   6.938619281e+12 
  690.390  4.856853e+14   6.949571658e+12 
  690.400  4.865035e+14   7.028180779e+12 
  690.410  4.874309e+14   6.996107461e+12 
  690.420  4.885173e+14   7.063855956e+12 
  690.430  4.886340e+14   7.089191125e+12 
  690.440  4.876104e+14   7.078828573e+12 
  690.450  4.865177e+14   6.889868362e+12 
  690.460  4.852476e+14   7.042899116e+12 
  690.470  4.843787e+14   7.029103526e+12 
  690.480  4.856769e+14   7.047245988e+12 
  690.490  4.870261e+14   6.995915571e+12 
  690.500  4.881274e+14   6.854037471e+12 
  690.510  4.885671e+14   6.865388306e+12 
  690.520  4.879788e+14   7.036199764e+12 
  690.530  4.873663e+14   7.033136349e+12 
  690.540  4.870438e+14   7.004895576e+12 
  690.550  4.868158e+14   6.948443390e+12 
  690.560  4.860849e+14   6.799363146e+12 
  690.570  4.850920e+14   6.282805248e+12 
  690.580  4.841415e+14   6.227817923e+12 
  690.590  4.842551e+14   4.804550590e+12 
  690.600  4.853010e+14   3.733397504e+11 
  690.610  4.869192e+14   3.193526813e+12 
  690.620  4.884335e+14   5.969505944e+12 
  690.630  4.890712e+14   6.582474113e+12 
  690.640  4.892511e+14   6.676672938e+12 
  690.650  4.890958e+14   6.776285037e+12 
  690.660  4.887756e+14   6.679900979e+12 
  690.670  4.886456e+14   6.305537851e+12 
  690.680  4.880451e+14   4.968944239e+12 
  690.690  4.834494e+14   4.996846387e+11 
  690.700  4.777462e+14   2.589711401e+12 
  690.710  4.716770e+14   5.661853221e+12 
  690.720  4.649856e+14   6.298911900e+12 
  690.730  4.647481e+14   6.536840086e+12 
  690.740  4.667035e+14   6.040122294e+12 
  690.750  4.691085e+14   6.768363569e+12 
  690.760  4.736613e+14   6.844582986e+12 
  690.770  4.768651e+14   6.819575497e+12 
  690.780  4.782807e+14   6.771336806e+12 
  690.790  4.751330e+14   5.581765607e+12 
  690.800  4.695259e+14   6.579218809e+12 
  690.810  4.628562e+14   6.751623053e+12 
  690.820  4.585060e+14   6.737926029e+12 
  690.830  4.628863e+14   6.806098674e+12 
  690.840  4.698401e+14   6.821317706e+12 
  690.850  4.769284e+14   6.822658310e+12 
  690.860  4.827795e+14   7.020578079e+12 
  690.870  4.845015e+14   7.066583302e+12 
  690.880  4.835589e+14   7.100811444e+12 
  690.890  4.798944e+14   6.900752581e+12 
  690.900  4.759531e+14   7.023591162e+12 
  690.910  4.718596e+14   6.981013209e+12 
  690.920  4.715609e+14   6.946799223e+12 
  690.930  4.763006e+14   6.875900281e+12 
  690.940  4.813876e+14   7.101802873e+12 
  690.950  4.863271e+14   7.157494317e+12 
  690.960  4.890299e+14   7.152844407e+12 
  690.970  4.890172e+14   7.209066430e+12 
  690.980  4.888805e+14   7.192485298e+12 
  690.990  4.886191e+14   7.151512715e+12 
  691.000  4.883717e+14   7.096630247e+12 
  691.010  4.882623e+14   6.933019361e+12 
  691.020  4.881604e+14   6.518721741e+12 
  691.030  4.882039e+14   5.864266138e+12 
  691.040  4.884215e+14   1.140571767e+12 
  691.050  4.886208e+14   2.782891082e+12 
  691.060  4.889532e+14   6.206853743e+12 
  691.070  4.893235e+14   6.820878877e+12 
  691.080  4.895025e+14   6.991459647e+12 
  691.090  4.896227e+14   7.018782917e+12 
  691.100  4.896177e+14   6.944541639e+12 
  691.110  4.896044e+14   6.706447778e+12 
  691.120  4.897078e+14   5.441863549e+12 
  691.130  4.898176e+14   9.542795919e+11 
  691.140  4.898550e+14   2.994092638e+12 
  691.150  4.896194e+14   6.222667842e+12 
  691.160  4.892456e+14   6.779021820e+12 
  691.170  4.886893e+14   7.055460008e+12 
  691.180  4.881696e+14   7.113904488e+12 
  691.190  4.880871e+14   7.132945580e+12 
  691.200  4.881210e+14   7.241751069e+12 
  691.210  4.883899e+14   7.233529709e+12 
  691.220  4.887085e+14   7.246586053e+12 
  691.230  4.888028e+14   7.316079903e+12 
  691.240  4.889209e+14   7.331229729e+12 
  691.250  4.890315e+14   7.329747042e+12 
  691.260  4.889670e+14   7.337616081e+12 
  691.270  4.881160e+14   7.336596341e+12 
  691.280  4.870852e+14   7.317302018e+12 
  691.290  4.860145e+14   7.079282606e+12 
  691.300  4.848476e+14   7.255893737e+12 
  691.310  4.814187e+14   7.164768813e+12 
  691.320  4.769232e+14   6.730617979e+12 
  691.330  4.689687e+14   5.868084527e+12 
  691.340  4.580906e+14   6.749555261e+12 
  691.350  4.534037e+14   6.797836419e+12 
  691.360  4.513028e+14   6.817210434e+12 
  691.370  4.557518e+14   6.893134152e+12 
  691.380  4.670683e+14   7.025479123e+12 
  691.390  4.757116e+14   7.133545890e+12 
  691.400  4.826356e+14   7.294726701e+12 
  691.410  4.858983e+14   7.323827831e+12 
  691.420  4.853910e+14   7.335578173e+12 
  691.430  4.842550e+14   7.320155193e+12 
  691.440  4.842775e+14   7.312081158e+12 
  691.450  4.851667e+14   7.304805089e+12 
  691.460  4.858603e+14   7.017348989e+12 
  691.470  4.862510e+14   6.844198158e+12 
  691.480  4.856090e+14   7.121961222e+12 
  691.490  4.843386e+14   6.875528036e+12 
  691.500  4.835972e+14   5.768748204e+12 
  691.510  4.837135e+14   5.513927066e+10 
  691.520  4.847369e+14   5.194576822e+12 
  691.530  4.863378e+14   5.644595757e+12 
  691.540  4.878138e+14   6.972387099e+12 
  691.550  4.887297e+14   6.972520792e+12 
  691.560  4.887583e+14   6.871145513e+12 
  691.570  4.882410e+14   7.122162024e+12 
  691.580  4.875015e+14   6.854608945e+12 
  691.590  4.861496e+14   5.444769153e+12 
  691.600  4.836771e+14   4.858279117e+10 
  691.610  4.740296e+14   5.587637633e+12 
  691.620  4.501810e+14   6.043303674e+12 
  691.630  4.257914e+14   6.156815172e+12 
  691.640  4.040345e+14   5.956194271e+12 
  691.650  3.979781e+14   5.694628037e+12 
  691.660  4.190062e+14   6.388023034e+12 
  691.670  4.436422e+14   6.733238895e+12 
  691.680  4.675093e+14   7.147236622e+12 
  691.690  4.840267e+14   7.399838056e+12 
  691.700  4.869682e+14   7.390614258e+12 
  691.710  4.860310e+14   7.421135159e+12 
  691.720  4.841641e+14   7.407969763e+12 
  691.730  4.819438e+14   7.263665258e+12 
  691.740  4.801416e+14   7.168643826e+12 
  691.750  4.816953e+14   6.941191963e+12 
  691.760  4.838008e+14   6.747336475e+12 
  691.770  4.859642e+14   7.388666003e+12 
  691.780  4.879069e+14   7.485917233e+12 
  691.790  4.884367e+14   7.512618697e+12 
  691.800  4.887480e+14   7.520445792e+12 
  691.810  4.887357e+14   7.513092129e+12 
  691.820  4.832443e+14   7.415548871e+12 
  691.830  4.637418e+14   6.928692937e+12 
  691.840  4.419615e+14   5.954703196e+12 
  691.850  4.203100e+14   6.442137944e+12 
  691.860  4.077251e+14   6.328532599e+12 
  691.870  4.226962e+14   6.561128776e+12 
  691.880  4.418949e+14   6.848179601e+12 
  691.890  4.611821e+14   7.026716443e+12 
  691.900  4.775683e+14   7.371295293e+12 
  691.910  4.794004e+14   7.387690303e+12 
  691.920  4.797319e+14   7.357319873e+12 
  691.930  4.806736e+14   6.924023628e+12 
  691.940  4.816075e+14   6.037424308e+12 
  691.950  4.839596e+14   7.104142770e+12 
  691.960  4.863611e+14   7.361066435e+12 
  691.970  4.881551e+14   7.065395790e+12 
  691.980  4.891746e+14   7.257738183e+12 
  691.990  4.891361e+14   6.811746828e+12 
  692.000  4.886152e+14   1.602781053e+12 
  692.010  4.868932e+14   5.516848792e+12 
  692.020  4.820648e+14   7.053281067e+12 
  692.030  4.763312e+14   7.154772214e+12 
  692.040  4.706625e+14   7.184166420e+12 
  692.050  4.670283e+14   7.133394895e+12 
  692.060  4.695468e+14   7.156706836e+12 
  692.070  4.743059e+14   7.056836788e+12 
  692.080  4.798573e+14   6.301825368e+12 
  692.090  4.849510e+14   2.088372961e+11 
  692.100  4.870133e+14   6.107932656e+12 
  692.110  4.879224e+14   7.082190307e+12 
  692.120  4.883155e+14   6.368173490e+12 
  692.130  4.884107e+14   7.254743450e+12 
  692.140  4.886389e+14   7.530319184e+12 
  692.150  4.888626e+14   7.586645541e+12 
  692.160  4.890478e+14   7.584746045e+12 
  692.170  4.889592e+14   7.558781207e+12 
  692.180  4.882126e+14   7.617431732e+12 
  692.190  4.873891e+14   7.596869681e+12 
  692.200  4.864739e+14   7.607532126e+12 
  692.210  4.856141e+14   7.485141811e+12 
  692.220  4.854397e+14   7.485729014e+12 
  692.230  4.850540e+14   7.462189531e+12 
  692.240  4.830480e+14   7.574413378e+12 
  692.250  4.746687e+14   7.438911144e+12 
  692.260  4.625977e+14   7.140233708e+12 
  692.270  4.506566e+14   7.088326050e+12 
  692.280  4.420005e+14   5.897171501e+12 
  692.290  4.466124e+14   7.015013810e+12 
  692.300  4.585548e+14   7.226816201e+12 
  692.310  4.707596e+14   7.399994294e+12 
  692.320  4.813808e+14   7.554528182e+12 
  692.330  4.849948e+14   7.593296134e+12 
  692.340  4.852554e+14   7.572369179e+12 
  692.350  4.856651e+14   6.515510477e+12 
  692.360  4.863985e+14   7.587588211e+12 
  692.370  4.871448e+14   7.549321478e+12 
  692.380  4.877354e+14   6.937950290e+12 
  692.390  4.880508e+14   7.199663849e+12 
  692.400  4.880964e+14   7.560624079e+12 
  692.410  4.882101e+14   7.060274020e+12 
  692.420  4.882799e+14   6.680373887e+12 
  692.430  4.883700e+14   7.255880106e+12 
  692.440  4.886085e+14   5.236626293e+12 
  692.450  4.887498e+14   7.310088339e+12 
  692.460  4.888636e+14   7.205980996e+12 
  692.470  4.889266e+14   7.573449736e+12 
  692.480  4.887623e+14   7.575215014e+12 
  692.490  4.885144e+14   7.177597092e+12 
  692.500  4.882761e+14   7.182216593e+12 
  692.510  4.880103e+14   6.378373513e+12 
  692.520  4.879426e+14   2.009115689e+11 
  692.530  4.880019e+14   3.052994822e+12 
  692.540  4.880586e+14   6.624427114e+12 
  692.550  4.880248e+14   7.301759500e+12 
  692.560  4.876605e+14   7.383737172e+12 
  692.570  4.852677e+14   6.896601268e+12 
  692.580  4.727332e+14   6.854460047e+12 
  692.590  4.571992e+14   6.881032012e+12 
  692.600  4.404741e+14   5.535565873e+12 
  692.610  4.275410e+14   1.242313654e+12 
  692.620  4.353737e+14   5.959902036e+12 
  692.630  4.492612e+14   6.398751015e+12 
  692.640  4.659285e+14   4.476004467e+12 
  692.650  4.808998e+14   7.075492528e+12 
  692.660  4.848468e+14   7.563367678e+12 
  692.670  4.849659e+14   7.429967839e+12 
  692.680  4.750964e+14   7.310794031e+12 
  692.690  4.623936e+14   7.341023429e+12 
  692.700  4.496801e+14   7.003992752e+12 
  692.710  4.392999e+14   6.672632250e+12 
  692.720  4.467051e+14   7.148336054e+12 
  692.730  4.594573e+14   7.390408212e+12 
  692.740  4.723192e+14   7.450007175e+12 
  692.750  4.834398e+14   7.771966669e+12 
  692.760  4.820596e+14   7.778001224e+12 
  692.770  4.756417e+14   7.683424387e+12 
  692.780  4.687099e+14   7.565012894e+12 
  692.790  4.628744e+14   7.486152638e+12 
  692.800  4.627302e+14   7.481409405e+12 
  692.810  4.675655e+14   7.546003784e+12 
  692.820  4.733815e+14   7.604328727e+12 
  692.830  4.787416e+14   7.596072763e+12 
  692.840  4.825188e+14   7.351049912e+12 
  692.850  4.843230e+14   5.314544402e+12 
  692.860  4.858329e+14   5.946991968e+12 
  692.870  4.872685e+14   4.906512548e+12 
  692.880  4.873387e+14   7.537100849e+12 
  692.890  4.865339e+14   7.699523699e+12 
  692.900  4.855258e+14   7.201838072e+12 
  692.910  4.847188e+14   7.342542291e+12 
  692.920  4.850044e+14   7.314207146e+12 
  692.930  4.860442e+14   7.810786001e+12 
  692.940  4.872485e+14   7.892947173e+12 
  692.950  4.881159e+14   7.921653514e+12 
  692.960  4.883314e+14   7.642120454e+12 
  692.970  4.879053e+14   7.924969112e+12 
  692.980  4.869088e+14   7.924674986e+12 
  692.990  4.861505e+14   7.910551716e+12 
  693.000  4.855506e+14   7.862057697e+12 
  693.010  4.843348e+14   7.851472323e+12 
  693.020  4.834728e+14   7.778389197e+12 
  693.030  4.825212e+14   7.754207461e+12 
  693.040  4.814020e+14   7.336065237e+12 
  693.050  4.822680e+14   7.558627066e+12 
  693.060  4.837618e+14   5.600258818e+12 
  693.070  4.853305e+14   6.758707233e+12 
  693.080  4.868770e+14   7.466576773e+12 
  693.090  4.872158e+14   6.985931031e+12 
  693.100  4.869221e+14   3.726414184e+12 
  693.110  4.865382e+14   5.631222743e+12 
  693.120  4.865693e+14   2.469005885e+12 
  693.130  4.867972e+14   5.301891760e+12 
  693.140  4.868692e+14   6.836444987e+12 
  693.150  4.864952e+14   6.168435753e+11 
  693.160  4.855787e+14   6.984560542e+12 
  693.170  4.848190e+14   5.899728454e+12 
  693.180  4.846034e+14   4.263094256e+12 
  693.190  4.850224e+14   6.299524268e+12 
  693.200  4.856016e+14   7.624183513e+12 
  693.210  4.855416e+14   7.816239120e+12 
  693.220  4.814032e+14   7.803847574e+12 
  693.230  4.753204e+14   7.685572919e+12 
  693.240  4.695418e+14   7.348593099e+12 
  693.250  4.645544e+14   5.345959739e+12 
  693.260  4.670118e+14   7.284093616e+12 
  693.270  4.733140e+14   7.445271282e+12 
  693.280  4.791736e+14   7.427618505e+12 
  693.290  4.845950e+14   7.862694183e+12 
  693.300  4.862185e+14   7.843008741e+12 
  693.310  4.858325e+14   7.502348419e+12 
  693.320  4.861224e+14   5.184945652e+12 
  693.330  4.867537e+14   6.277538775e+12 
  693.340  4.874574e+14   7.612187804e+12 
  693.350  4.871822e+14   7.628684526e+12 
  693.360  4.857123e+14   6.834679710e+12 
  693.370  4.828720e+14   4.383235113e+12 
  693.380  4.755469e+14   7.063467983e+12 
  693.390  4.694509e+14   6.887765443e+12 
  693.400  4.648873e+14   5.733915034e+12 
  693.410  4.628448e+14   5.871469855e+12 
  693.420  4.695903e+14   7.514588971e+12 
  693.430  4.766140e+14   7.833242829e+12 
  693.440  4.829585e+14   7.998279778e+12 
  693.450  4.877329e+14   8.102737347e+12 
  693.460  4.839317e+14   8.053489926e+12 
  693.470  4.771469e+14   7.943680426e+12 
  693.480  4.697915e+14   7.786294936e+12 
  693.490  4.627179e+14   7.634777801e+12 
  693.500  4.638859e+14   7.582599086e+12 
  693.510  4.685635e+14   7.636492222e+12 
  693.520  4.655616e+14   7.487320752e+12 
  693.530  4.550272e+14   6.716490514e+12 
  693.540  4.402891e+14   3.308854706e+12 
  693.550  4.254102e+14   3.195604566e+12 
  693.560  4.271750e+14   5.217695302e+12 
  693.570  4.449149e+14   2.929801298e+12 
  693.580  4.629256e+14   4.833033060e+12 
  693.590  4.800145e+14   7.335742800e+12 
  693.600  4.877741e+14   7.884189467e+12 
  693.610  4.878946e+14   8.014250115e+12 
  693.620  4.874499e+14   7.958834446e+12 
  693.630  4.870984e+14   6.370369733e+12 
  693.640  4.871702e+14   7.708003533e+12 
  693.650  4.872569e+14   8.094313087e+12 
  693.660  4.874211e+14   8.176745316e+12 
  693.670  4.875684e+14   8.199335313e+12 
  693.680  4.874315e+14   8.184396251e+12 
  693.690  4.860180e+14   8.072409383e+12 
  693.700  4.836532e+14   7.490065924e+12 
  693.710  4.810561e+14   7.563078271e+12 
  693.720  4.784006e+14   2.130452677e+12 
  693.730  4.786374e+14   7.302563234e+12 
  693.740  4.806967e+14   7.346832015e+12 
  693.750  4.828364e+14   7.925024686e+12 
  693.760  4.850649e+14   7.872429687e+12 
  693.770  4.857972e+14   6.377307111e+12 
  693.780  4.855206e+14   7.093399585e+12 
  693.790  4.856825e+14   8.017368580e+12 
  693.800  4.859316e+14   8.003376906e+12 
  693.810  4.855149e+14   8.207933112e+12 
  693.820  4.852653e+14   8.240373432e+12 
  693.830  4.847779e+14   8.262525125e+12 
  693.840  4.841390e+14   8.262417646e+12 
  693.850  4.846392e+14   8.275572556e+12 
  693.860  4.850620e+14   8.283745681e+12 
  693.870  4.854533e+14   8.287504826e+12 
  693.880  4.861147e+14   8.288075776e+12 
  693.890  4.865803e+14   8.220306309e+12 
  693.900  4.870144e+14   8.240303702e+12 
  693.910  4.871434e+14   8.208414409e+12 
  693.920  4.869934e+14   8.152275223e+12 
  693.930  4.862265e+14   8.018111496e+12 
  693.940  4.849053e+14   7.654626820e+12 
  693.950  4.838030e+14   6.417891721e+12 
  693.960  4.829727e+14   1.554580242e+12 
  693.970  4.828049e+14   4.744866169e+12 
  693.980  4.837588e+14   7.235011346e+12 
  693.990  4.835911e+14   7.715465724e+12 
  694.000  4.829725e+14   7.608168088e+12 
  694.010  4.818635e+14   5.560006607e+12 
  694.020  4.803895e+14   3.234974925e+12 
  694.030  4.809772e+14   7.333645124e+12 
  694.040  4.808711e+14   7.951813181e+12 
  694.050  4.807381e+14   8.080270033e+12 
  694.060  4.803874e+14   8.140274270e+12 
  694.070  4.796759e+14   8.169325593e+12 
  694.080  4.812399e+14   8.208617832e+12 
  694.090  4.833177e+14   8.227379479e+12 
  694.100  4.855056e+14   8.208709583e+12 
  694.110  4.870546e+14   8.015718646e+12 
  694.120  4.872371e+14   7.762835145e+12 
  694.130  4.869114e+14   7.738219299e+12 
  694.140  4.861563e+14   6.824786395e+12 
  694.150  4.854557e+14   2.675516375e+12 
  694.160  4.847111e+14   3.791756984e+12 
  694.170  4.844084e+14   5.565981917e+12 
  694.180  4.847710e+14   7.196251783e+12 
  694.190  4.854708e+14   6.993737679e+12 
  694.200  4.863692e+14   5.138351129e+12 
  694.210  4.870644e+14   1.167630926e+12 
  694.220  4.874584e+14   4.486148915e+12 
  694.230  4.876357e+14   4.748285575e+12 
  694.240  4.875422e+14   7.720187986e+12 
  694.250  4.874701e+14   8.040799535e+12 
  694.260  4.874290e+14   8.137589916e+12 
  694.270  4.874527e+14   8.102803931e+12 
  694.280  4.875438e+14   7.909796741e+12 
  694.290  4.874647e+14   5.355027300e+12 
  694.300  4.871929e+14   6.826542760e+12 
  694.310  4.868748e+14   3.751983972e+12 
  694.320  4.868787e+14   5.723774255e+12 
  694.330  4.871417e+14   7.028575044e+12 
  694.340  4.876764e+14   8.098303967e+12 
  694.350  4.881624e+14   8.267595514e+12 
  694.360  4.883378e+14   8.286434755e+12 
  694.370  4.882943e+14   8.210922078e+12 
  694.380  4.880517e+14   7.982828487e+12 
  694.390  4.874985e+14   7.292793127e+12 
  694.400  4.868966e+14   4.635944288e+12 
  694.410  4.857205e+14   1.853368304e+12 
  694.420  4.838317e+14   5.359051211e+12 
  694.430  4.824993e+14   2.391416766e+12 
  694.440  4.802333e+14   6.574417904e+12 
  694.450  4.786898e+14   7.786950296e+12 
  694.460  4.783682e+14   8.122180567e+12 
  694.470  4.775726e+14   8.235797447e+12 
  694.480  4.790341e+14   8.295980990e+12 
  694.490  4.809206e+14   8.395345101e+12 
  694.500  4.798784e+14   8.390790611e+12 
  694.510  4.771667e+14   8.336069100e+12 
  694.520  4.729519e+14   8.229371773e+12 
  694.530  4.675158e+14   8.055165551e+12 
  694.540  4.673164e+14   7.837744366e+12 
  694.550  4.710311e+14   7.461310300e+12 
  694.560  4.754617e+14   5.944317575e+12 
  694.570  4.813816e+14   1.472797344e+12 
  694.580  4.845995e+14   4.054254617e+12 
  694.590  4.856115e+14   7.240608121e+12 
  694.600  4.864551e+14   8.071671710e+12 
  694.610  4.865608e+14   8.364742410e+12 
  694.620  4.865902e+14   8.459200758e+12 
  694.630  4.868667e+14   8.251473134e+12 
  694.640  4.866855e+14   8.430390608e+12 
  694.650  4.859995e+14   8.607734170e+12 
  694.660  4.847688e+14   8.613425840e+12 
  694.670  4.794693e+14   8.417827095e+12 
  694.680  4.539804e+14   8.130505212e+12 
  694.690  4.181335e+14   7.543773463e+12 
  694.700  3.824167e+14   6.930058183e+12 
  694.710  3.552718e+14   6.449789403e+12 
  694.720  3.680193e+14   6.587145519e+12 
  694.730  4.034813e+14   7.311927542e+12 
  694.740  4.402255e+14   7.971060842e+12 
  694.750  4.729816e+14   8.543404556e+12 
  694.760  4.857088e+14   8.783578268e+12 
  694.770  4.864615e+14   8.796710633e+12 
  694.780  4.864539e+14   8.703115788e+12 
  694.790  4.862384e+14   8.794494992e+12 
  694.800  4.859337e+14   8.796605776e+12 
  694.810  4.855641e+14   8.788923384e+12 
  694.820  4.852877e+14   8.775550894e+12 
  694.830  4.853730e+14   8.762295845e+12 
  694.840  4.860333e+14   8.716904563e+12 
  694.850  4.868586e+14   6.027549868e+12 
  694.860  4.876484e+14   8.713583198e+12 
  694.870  4.880199e+14   8.739453665e+12 
  694.880  4.878454e+14   8.697062883e+12 
  694.890  4.871100e+14   8.608232243e+12 
  694.900  4.853819e+14   8.441816416e+12 
  694.910  4.763581e+14   8.013258162e+12 
  694.920  4.655950e+14   7.223344890e+12 
  694.930  4.556400e+14   4.663216177e+12 
  694.940  4.476993e+14   2.084275356e+12 
  694.950  4.541776e+14   1.422253621e+12 
  694.960  4.645794e+14   3.822878982e+12 
  694.970  4.745361e+14   6.943747867e+12 
  694.980  4.835395e+14   7.948773884e+12 
  694.990  4.854978e+14   8.358021038e+12 
  695.000  4.858233e+14   8.488502166e+12 
  695.010  4.863320e+14   7.984127148e+12 
  695.020  4.868646e+14   8.661198438e+12 
  695.030  4.872910e+14   8.730890469e+12 
  695.040  4.872942e+14   8.734341857e+12 
  695.050  4.864000e+14   8.673008026e+12 
  695.060  4.848493e+14   8.521682780e+12 
  695.070  4.831144e+14   8.166213943e+12 
  695.080  4.811722e+14   7.019873436e+12 
  695.090  4.805346e+14   2.501801673e+12 
  695.100  4.812034e+14   2.046361993e+12 
  695.110  4.821088e+14   6.280745845e+12 
  695.120  4.837908e+14   7.796333478e+12 
  695.130  4.852732e+14   8.296981856e+12 
  695.140  4.856980e+14   8.686351155e+12 
  695.150  4.858549e+14   8.803193979e+12 
  695.160  4.855685e+14   8.802939175e+12 
  695.170  4.850861e+14   8.084604322e+12 
  695.180  4.855227e+14   8.740161454e+12 
  695.190  4.862973e+14   8.930375762e+12 
  695.200  4.871230e+14   8.927390466e+12 
  695.210  4.878525e+14   8.989271130e+12 
  695.220  4.880672e+14   8.994625159e+12 
  695.230  4.875744e+14   8.946942214e+12 
  695.240  4.818103e+14   8.706626945e+12 
  695.250  4.729657e+14   8.280560108e+12 
  695.260  4.636198e+14   6.731350409e+12 
  695.270  4.547092e+14   2.683683471e+12 
  695.280  4.518288e+14   7.236872045e+12 
  695.290  4.473501e+14   7.943894335e+12 
  695.300  4.433164e+14   7.969744355e+12 
  695.310  4.398838e+14   7.322675970e+12 
  695.320  4.397279e+14   5.867628397e+12 
  695.330  4.518256e+14   8.103855653e+12 
  695.340  4.642735e+14   8.541030056e+12 
  695.350  4.762302e+14   8.470129017e+12 
  695.360  4.842132e+14   7.893810676e+12 
  695.370  4.851214e+14   8.946027856e+12 
  695.380  4.857373e+14   9.089392312e+12 
  695.390  4.860722e+14   9.124442014e+12 
  695.400  4.858744e+14   9.111706010e+12 
  695.410  4.855584e+14   8.998292029e+12 
  695.420  4.851904e+14   8.551564050e+12 
  695.430  4.853603e+14   8.643805184e+12 
  695.440  4.856777e+14   9.088943522e+12 
  695.450  4.855197e+14   9.095509705e+12 
  695.460  4.826082e+14   9.069523894e+12 
  695.470  4.768362e+14   8.982233088e+12 
  695.480  4.707323e+14   8.705970012e+12 
  695.490  4.652355e+14   8.663528899e+12 
  695.500  4.647725e+14   7.687971013e+12 
  695.510  4.693856e+14   8.705320419e+12 
  695.520  4.749565e+14   8.691900744e+12 
  695.530  4.804669e+14   8.420687086e+12 
  695.540  4.836016e+14   7.033526944e+12 
  695.550  4.843401e+14   2.170560053e+12 
  695.560  4.845479e+14   6.128003973e+12 
  695.570  4.847854e+14   4.182666379e+12 
  695.580  4.851789e+14   7.805721379e+12 
  695.590  4.856025e+14   8.779315806e+12 
  695.600  4.859987e+14   9.041385357e+12 
  695.610  4.857585e+14   9.119117345e+12 
  695.620  4.851726e+14   9.142579233e+12 
  695.630  4.844878e+14   9.200710189e+12 
  695.640  4.841265e+14   9.230082900e+12 
  695.650  4.846225e+14   9.253348704e+12 
  695.660  4.828627e+14   9.184532759e+12 
  695.670  4.783191e+14   9.145200673e+12 
  695.680  4.729993e+14   9.056685130e+12 
  695.690  4.672983e+14   8.945356767e+12 
  695.700  4.663252e+14   8.902641975e+12 
  695.710  4.710082e+14   8.847556084e+12 
  695.720  4.761842e+14   8.665990431e+12 
  695.730  4.814896e+14   8.847137702e+12 
  695.740  4.844774e+14   8.856107221e+12 
  695.750  4.846931e+14   8.626190156e+12 
  695.760  4.853369e+14   8.158103208e+12 
  695.770  4.861895e+14   8.855102685e+12 
  695.780  4.869309e+14   8.808993653e+12 
  695.790  4.874577e+14   8.845807059e+12 
  695.800  4.872103e+14   8.535391338e+12 
  695.810  4.864239e+14   7.786786193e+12 
  695.820  4.849978e+14   5.719079256e+12 
  695.830  4.801377e+14   1.336285856e+12 
  695.840  4.723026e+14   1.509716001e+12 
  695.850  4.643599e+14   3.643764900e+12 
  695.860  4.571819e+14   6.813583409e+12 
  695.870  4.566583e+14   7.857608065e+12 
  695.880  4.629036e+14   8.395385471e+12 
  695.890  4.699501e+14   8.691117982e+12 
  695.900  4.772683e+14   8.939200578e+12 
  695.910  4.821243e+14   9.090546794e+12 
  695.920  4.838454e+14   9.016145084e+12 
  695.930  4.847994e+14   8.298793796e+12 
  695.940  4.849460e+14   8.782631928e+12 
  695.950  4.842026e+14   9.158883541e+12 
  695.960  4.832037e+14   9.331646923e+12 
  695.970  4.825540e+14   9.359863054e+12 
  695.980  4.826952e+14   9.349616370e+12 
  695.990  4.831810e+14   9.029540643e+12 
  696.000  4.840400e+14   9.298654527e+12 
  696.010  4.852028e+14   9.205070168e+12 
  696.020  4.861541e+14   8.712288731e+12 
  696.030  4.869241e+14   9.054241948e+12 
  696.040  4.874629e+14   9.210229162e+12 
  696.050  4.875821e+14   9.414443532e+12 
  696.060  4.873772e+14   9.482545398e+12 
  696.070  4.847719e+14   9.406775296e+12 
  696.080  4.731477e+14   8.991817073e+12 
  696.090  4.576078e+14   8.386919268e+12 
  696.100  4.418555e+14   8.362438689e+12 
  696.110  4.308228e+14   7.920287744e+12 
  696.120  4.374057e+14   7.279627207e+12 
  696.130  4.523215e+14   4.573871735e+12 
  696.140  4.680791e+14   1.583884009e+12 
  696.150  4.815561e+14   6.615647388e+12 
  696.160  4.859843e+14   8.539322450e+12 
  696.170  4.859634e+14   9.045647819e+12 
  696.180  4.853942e+14   9.287731511e+12 
  696.190  4.818473e+14   9.295349416e+12 
  696.200  4.747136e+14   9.269100413e+12 
  696.210  4.673787e+14   9.147210793e+12 
  696.220  4.601080e+14   9.043029524e+12 
  696.230  4.594359e+14   8.865327350e+12 
  696.240  4.662912e+14   9.144082891e+12 
  696.250  4.737596e+14   9.274028720e+12 
  696.260  4.814782e+14   9.254509478e+12 
  696.270  4.857143e+14   9.310111269e+12 
  696.280  4.863993e+14   9.121513341e+12 
  696.290  4.865167e+14   8.791939088e+12 
  696.300  4.862651e+14   7.724850479e+12 
  696.310  4.859217e+14   4.217794724e+12 
  696.320  4.854416e+14   1.174220964e+12 
  696.330  4.854554e+14   5.480086766e+12 
  696.340  4.857897e+14   8.144910549e+12 
  696.350  4.858724e+14   8.989010035e+12 
  696.360  4.856263e+14   9.334039773e+12 
  696.370  4.850201e+14   9.499809153e+12 
  696.380  4.841613e+14   9.584457548e+12 
  696.390  4.834836e+14   9.626131104e+12 
  696.400  4.830972e+14   9.530773602e+12 
  696.410  4.828016e+14   9.662257693e+12 
  696.420  4.827173e+14   9.725605315e+12 
  696.430  4.832383e+14   9.760388678e+12 
  696.440  4.835940e+14   9.767005192e+12 
  696.450  4.834741e+14   9.697400717e+12 
  696.460  4.821992e+14   9.782390948e+12 
  696.470  4.798918e+14   9.755142652e+12 
  696.480  4.782379e+14   9.729988362e+12 
  696.490  4.776203e+14   9.701997674e+12 
  696.500  4.788740e+14   9.634186265e+12 
  696.510  4.795465e+14   9.762497364e+12 
  696.520  4.786851e+14   9.759823495e+12 
  696.530  4.771558e+14   9.720011162e+12 
  696.540  4.749941e+14   9.625220940e+12 
  696.550  4.758525e+14   9.304086151e+12 
  696.560  4.790913e+14   8.575806603e+12 
  696.570  4.825288e+14   9.700843192e+12 
  696.580  4.858085e+14   9.881879839e+12 
  696.590  4.868742e+14   9.921795981e+12 
  696.600  4.863263e+14   9.895395983e+12 
  696.610  4.855019e+14   9.819860763e+12 
  696.620  4.846173e+14   9.530532430e+12 
  696.630  4.841075e+14   9.277729145e+12 
  696.640  4.843009e+14   7.424998113e+12 
  696.650  4.846133e+14   4.647157236e+12 
  696.660  4.848978e+14   8.736822264e+12 
  696.670  4.848827e+14   9.542041600e+12 
  696.680  4.842229e+14   9.665344700e+12 
  696.690  4.819979e+14   9.319695254e+12 
  696.700  4.750351e+14   6.846129111e+12 
  696.710  4.650549e+14   9.049080857e+12 
  696.720  4.550041e+14   9.276314616e+12 
  696.730  4.477198e+14   9.235031130e+12 
  696.740  4.497598e+14   9.321563816e+12 
  696.750  4.579444e+14   9.514190373e+12 
  696.760  4.666480e+14   9.709984678e+12 
  696.770  4.743416e+14   9.881598820e+12 
  696.780  4.776574e+14   9.961982657e+12 
  696.790  4.785307e+14   9.991094272e+12 
  696.800  4.794173e+14   1.001948761e+13 
  696.810  4.801061e+14   1.004307743e+13 
  696.820  4.805314e+14   1.006049113e+13 
  696.830  4.805919e+14   1.006703739e+13 
  696.840  4.810723e+14   1.008750559e+13 
  696.850  4.814282e+14   1.010370714e+13 
  696.860  4.810765e+14   1.010343870e+13 
  696.870  4.810474e+14   1.010073338e+13 
  696.880  4.807819e+14   1.007670526e+13 
  696.890  4.812416e+14   1.012836440e+13 
  696.900  4.830733e+14   1.017498095e+13 
  696.910  4.846323e+14   1.021357588e+13 
  696.920  4.859280e+14   1.024150051e+13 
  696.930  4.866615e+14   1.021108761e+13 
  696.940  4.865256e+14   1.024022440e+13 
  696.950  4.862946e+14   1.026183135e+13 
  696.960  4.858659e+14   1.005535520e+13 
  696.970  4.847542e+14   1.006088120e+13 
  696.980  4.839270e+14   1.017301487e+13 
  696.990  4.831368e+14   1.012304183e+13 
  697.000  4.826332e+14   1.015679759e+13 
